{"meta": {"format": 3, "version": "7.15.2", "timestamp": "2026-07-25T05:52:42.640631", "branch_coverage": false, "show_contexts": false}, "files": {"Employees\\__init__.py": {"executed_lines": [], "summary": {"covered_lines": 0, "num_statements": 0, "percent_covered": 100.0, "percent_covered_display": "100", "missing_lines": 0, "excluded_lines": 0, "percent_statements_covered": 100.0, "percent_statements_covered_display": "100"}, "missing_lines": [], "excluded_lines": [], "functions": {"": {"executed_lines": [], "summary": {"covered_lines": 0, "num_statements": 0, "percent_covered": 100.0, "percent_covered_display": "100", "missing_lines": 0, "excluded_lines": 0, "percent_statements_covered": 100.0, "percent_statements_covered_display": "100"}, "missing_lines": [], "excluded_lines": [], "start_line": 1}}, "classes": {"": {"executed_lines": [], "summary": {"covered_lines": 0, "num_statements": 0, "percent_covered": 100.0, "percent_covered_display": "100", "missing_lines": 0, "excluded_lines": 0, "percent_statements_covered": 100.0, "percent_statements_covered_display": "100"}, "missing_lines": [], "excluded_lines": [], "start_line": 1}}}, "Employees\\admin.py": {"executed_lines": [1, 2, 5, 6, 7], "summary": {"covered_lines": 5, "num_statements": 5, "percent_covered": 100.0, "percent_covered_display": "100", "missing_lines": 0, "excluded_lines": 0, "percent_statements_covered": 100.0, "percent_statements_covered_display": "100"}, "missing_lines": [], "excluded_lines": [], "functions": {"": {"executed_lines": [1, 2, 5, 6, 7], "summary": {"covered_lines": 5, "num_statements": 5, "percent_covered": 100.0, "percent_covered_display": "100", "missing_lines": 0, "excluded_lines": 0, "percent_statements_covered": 100.0, "percent_statements_covered_display": "100"}, "missing_lines": [], "excluded_lines": [], "start_line": 1}}, "classes": {"": {"executed_lines": [1, 2, 5, 6, 7], "summary": {"covered_lines": 5, "num_statements": 5, "percent_covered": 100.0, "percent_covered_display": "100", "missing_lines": 0, "excluded_lines": 0, "percent_statements_covered": 100.0, "percent_statements_covered_display": "100"}, "missing_lines": [], "excluded_lines": [], "start_line": 1}}}, "Employees\\apps.py": {"executed_lines": [1, 4, 5, 6], "summary": {"covered_lines": 4, "num_statements": 4, "percent_covered": 100.0, "percent_covered_display": "100", "missing_lines": 0, "excluded_lines": 0, "percent_statements_covered": 100.0, "percent_statements_covered_display": "100"}, "missing_lines": [], "excluded_lines": [], "functions": {"": {"executed_lines": [1, 4, 5, 6], "summary": {"covered_lines": 4, "num_statements": 4, "percent_covered": 100.0, "percent_covered_display": "100", "missing_lines": 0, "excluded_lines": 0, "percent_statements_covered": 100.0, "percent_statements_covered_display": "100"}, "missing_lines": [], "excluded_lines": [], "start_line": 1}}, "classes": {"EmployeesConfig": {"executed_lines": [], "summary": {"covered_lines": 0, "num_statements": 0, "percent_covered": 100.0, "percent_covered_display": "100", "missing_lines": 0, "excluded_lines": 0, "percent_statements_covered": 100.0, "percent_statements_covered_display": "100"}, "missing_lines": [], "excluded_lines": [], "start_line": 4}, "": {"executed_lines": [1, 4, 5, 6], "summary": {"covered_lines": 4, "num_statements": 4, "percent_covered": 100.0, "percent_covered_display": "100", "missing_lines": 0, "excluded_lines": 0, "percent_statements_covered": 100.0, "percent_statements_covered_display": "100"}, "missing_lines": [], "excluded_lines": [], "start_line": 1}}}, "Employees\\migrations\\0001_initial.py": {"executed_lines": [3, 4, 7, 9, 11, 14], "summary": {"covered_lines": 6, "num_statements": 6, "percent_covered": 100.0, "percent_covered_display": "100", "missing_lines": 0, "excluded_lines": 0, "percent_statements_covered": 100.0, "percent_statements_covered_display": "100"}, "missing_lines": [], "excluded_lines": [], "functions": {"": {"executed_lines": [3, 4, 7, 9, 11, 14], "summary": {"covered_lines": 6, "num_statements": 6, "percent_covered": 100.0, "percent_covered_display": "100", "missing_lines": 0, "excluded_lines": 0, "percent_statements_covered": 100.0, "percent_statements_covered_display": "100"}, "missing_lines": [], "excluded_lines": [], "start_line": 1}}, "classes": {"Migration": {"executed_lines": [], "summary": {"covered_lines": 0, "num_statements": 0, "percent_covered": 100.0, "percent_covered_display": "100", "missing_lines": 0, "excluded_lines": 0, "percent_statements_covered": 100.0, "percent_statements_covered_display": "100"}, "missing_lines": [], "excluded_lines": [], "start_line": 7}, "": {"executed_lines": [3, 4, 7, 9, 11, 14], "summary": {"covered_lines": 6, "num_statements": 6, "percent_covered": 100.0, "percent_covered_display": "100", "missing_lines": 0, "excluded_lines": 0, "percent_statements_covered": 100.0, "percent_statements_covered_display": "100"}, "missing_lines": [], "excluded_lines": [], "start_line": 1}}}, "Employees\\migrations\\0002_remove_payroll_payment_status_and_more.py": {"executed_lines": [3, 4, 7, 9, 13], "summary": {"covered_lines": 5, "num_statements": 5, "percent_covered": 100.0, "percent_covered_display": "100", "missing_lines": 0, "excluded_lines": 0, "percent_statements_covered": 100.0, "percent_statements_covered_display": "100"}, "missing_lines": [], "excluded_lines": [], "functions": {"": {"executed_lines": [3, 4, 7, 9, 13], "summary": {"covered_lines": 5, "num_statements": 5, "percent_covered": 100.0, "percent_covered_display": "100", "missing_lines": 0, "excluded_lines": 0, "percent_statements_covered": 100.0, "percent_statements_covered_display": "100"}, "missing_lines": [], "excluded_lines": [], "start_line": 1}}, "classes": {"Migration": {"executed_lines": [], "summary": {"covered_lines": 0, "num_statements": 0, "percent_covered": 100.0, "percent_covered_display": "100", "missing_lines": 0, "excluded_lines": 0, "percent_statements_covered": 100.0, "percent_statements_covered_display": "100"}, "missing_lines": [], "excluded_lines": [], "start_line": 7}, "": {"executed_lines": [3, 4, 7, 9, 13], "summary": {"covered_lines": 5, "num_statements": 5, "percent_covered": 100.0, "percent_covered_display": "100", "missing_lines": 0, "excluded_lines": 0, "percent_statements_covered": 100.0, "percent_statements_covered_display": "100"}, "missing_lines": [], "excluded_lines": [], "start_line": 1}}}, "Employees\\migrations\\0003_attendance.py": {"executed_lines": [3, 4, 7, 9, 13], "summary": {"covered_lines": 5, "num_statements": 5, "percent_covered": 100.0, "percent_covered_display": "100", "missing_lines": 0, "excluded_lines": 0, "percent_statements_covered": 100.0, "percent_statements_covered_display": "100"}, "missing_lines": [], "excluded_lines": [], "functions": {"": {"executed_lines": [3, 4, 7, 9, 13], "summary": {"covered_lines": 5, "num_statements": 5, "percent_covered": 100.0, "percent_covered_display": "100", "missing_lines": 0, "excluded_lines": 0, "percent_statements_covered": 100.0, "percent_statements_covered_display": "100"}, "missing_lines": [], "excluded_lines": [], "start_line": 1}}, "classes": {"Migration": {"executed_lines": [], "summary": {"covered_lines": 0, "num_statements": 0, "percent_covered": 100.0, "percent_covered_display": "100", "missing_lines": 0, "excluded_lines": 0, "percent_statements_covered": 100.0, "percent_statements_covered_display": "100"}, "missing_lines": [], "excluded_lines": [], "start_line": 7}, "": {"executed_lines": [3, 4, 7, 9, 13], "summary": {"covered_lines": 5, "num_statements": 5, "percent_covered": 100.0, "percent_covered_display": "100", "missing_lines": 0, "excluded_lines": 0, "percent_statements_covered": 100.0, "percent_statements_covered_display": "100"}, "missing_lines": [], "excluded_lines": [], "start_line": 1}}}, "Employees\\migrations\\0004_payroll_currency.py": {"executed_lines": [3, 6, 8, 12], "summary": {"covered_lines": 4, "num_statements": 4, "percent_covered": 100.0, "percent_covered_display": "100", "missing_lines": 0, "excluded_lines": 0, "percent_statements_covered": 100.0, "percent_statements_covered_display": "100"}, "missing_lines": [], "excluded_lines": [], "functions": {"": {"executed_lines": [3, 6, 8, 12], "summary": {"covered_lines": 4, "num_statements": 4, "percent_covered": 100.0, "percent_covered_display": "100", "missing_lines": 0, "excluded_lines": 0, "percent_statements_covered": 100.0, "percent_statements_covered_display": "100"}, "missing_lines": [], "excluded_lines": [], "start_line": 1}}, "classes": {"Migration": {"executed_lines": [], "summary": {"covered_lines": 0, "num_statements": 0, "percent_covered": 100.0, "percent_covered_display": "100", "missing_lines": 0, "excluded_lines": 0, "percent_statements_covered": 100.0, "percent_statements_covered_display": "100"}, "missing_lines": [], "excluded_lines": [], "start_line": 6}, "": {"executed_lines": [3, 6, 8, 12], "summary": {"covered_lines": 4, "num_statements": 4, "percent_covered": 100.0, "percent_covered_display": "100", "missing_lines": 0, "excluded_lines": 0, "percent_statements_covered": 100.0, "percent_statements_covered_display": "100"}, "missing_lines": [], "excluded_lines": [], "start_line": 1}}}, "Employees\\migrations\\0005_payroll_created_by_attendance_created_by.py": {"executed_lines": [1, 2, 3, 6, 8, 13], "summary": {"covered_lines": 6, "num_statements": 6, "percent_covered": 100.0, "percent_covered_display": "100", "missing_lines": 0, "excluded_lines": 0, "percent_statements_covered": 100.0, "percent_statements_covered_display": "100"}, "missing_lines": [], "excluded_lines": [], "functions": {"": {"executed_lines": [1, 2, 3, 6, 8, 13], "summary": {"covered_lines": 6, "num_statements": 6, "percent_covered": 100.0, "percent_covered_display": "100", "missing_lines": 0, "excluded_lines": 0, "percent_statements_covered": 100.0, "percent_statements_covered_display": "100"}, "missing_lines": [], "excluded_lines": [], "start_line": 1}}, "classes": {"Migration": {"executed_lines": [], "summary": {"covered_lines": 0, "num_statements": 0, "percent_covered": 100.0, "percent_covered_display": "100", "missing_lines": 0, "excluded_lines": 0, "percent_statements_covered": 100.0, "percent_statements_covered_display": "100"}, "missing_lines": [], "excluded_lines": [], "start_line": 6}, "": {"executed_lines": [1, 2, 3, 6, 8, 13], "summary": {"covered_lines": 6, "num_statements": 6, "percent_covered": 100.0, "percent_covered_display": "100", "missing_lines": 0, "excluded_lines": 0, "percent_statements_covered": 100.0, "percent_statements_covered_display": "100"}, "missing_lines": [], "excluded_lines": [], "start_line": 1}}}, "Employees\\migrations\\0006_alter_employee_email.py": {"executed_lines": [3, 6, 8, 12], "summary": {"covered_lines": 4, "num_statements": 4, "percent_covered": 100.0, "percent_covered_display": "100", "missing_lines": 0, "excluded_lines": 0, "percent_statements_covered": 100.0, "percent_statements_covered_display": "100"}, "missing_lines": [], "excluded_lines": [], "functions": {"": {"executed_lines": [3, 6, 8, 12], "summary": {"covered_lines": 4, "num_statements": 4, "percent_covered": 100.0, "percent_covered_display": "100", "missing_lines": 0, "excluded_lines": 0, "percent_statements_covered": 100.0, "percent_statements_covered_display": "100"}, "missing_lines": [], "excluded_lines": [], "start_line": 1}}, "classes": {"Migration": {"executed_lines": [], "summary": {"covered_lines": 0, "num_statements": 0, "percent_covered": 100.0, "percent_covered_display": "100", "missing_lines": 0, "excluded_lines": 0, "percent_statements_covered": 100.0, "percent_statements_covered_display": "100"}, "missing_lines": [], "excluded_lines": [], "start_line": 6}, "": {"executed_lines": [3, 6, 8, 12], "summary": {"covered_lines": 4, "num_statements": 4, "percent_covered": 100.0, "percent_covered_display": "100", "missing_lines": 0, "excluded_lines": 0, "percent_statements_covered": 100.0, "percent_statements_covered_display": "100"}, "missing_lines": [], "excluded_lines": [], "start_line": 1}}}, "Employees\\migrations\\__init__.py": {"executed_lines": [], "summary": {"covered_lines": 0, "num_statements": 0, "percent_covered": 100.0, "percent_covered_display": "100", "missing_lines": 0, "excluded_lines": 0, "percent_statements_covered": 100.0, "percent_statements_covered_display": "100"}, "missing_lines": [], "excluded_lines": [], "functions": {"": {"executed_lines": [], "summary": {"covered_lines": 0, "num_statements": 0, "percent_covered": 100.0, "percent_covered_display": "100", "missing_lines": 0, "excluded_lines": 0, "percent_statements_covered": 100.0, "percent_statements_covered_display": "100"}, "missing_lines": [], "excluded_lines": [], "start_line": 1}}, "classes": {"": {"executed_lines": [], "summary": {"covered_lines": 0, "num_statements": 0, "percent_covered": 100.0, "percent_covered_display": "100", "missing_lines": 0, "excluded_lines": 0, "percent_statements_covered": 100.0, "percent_statements_covered_display": "100"}, "missing_lines": [], "excluded_lines": [], "start_line": 1}}}, "Employees\\models.py": {"executed_lines": [1, 2, 3, 5, 6, 13, 24, 30, 31, 32, 33, 34, 36, 41, 43, 49, 50, 52, 53, 61, 62, 64, 66, 68, 69, 71, 72, 73, 74, 76, 77, 79, 80, 81, 83, 84, 85, 87, 88, 89, 91, 93, 95, 98, 101, 106, 111, 117, 123, 124, 126, 127, 132, 137, 143, 144, 145, 147, 150, 151, 154, 159, 161, 162, 170, 171, 173, 174, 175, 176, 177, 179, 180, 182, 184, 185, 187, 194, 195, 197, 202, 203, 210, 215, 216, 221, 222, 223, 229, 230, 237, 238, 240, 241, 242, 243, 244, 246, 247], "summary": {"covered_lines": 99, "num_statements": 99, "percent_covered": 100.0, "percent_covered_display": "100", "missing_lines": 0, "excluded_lines": 0, "percent_statements_covered": 100.0, "percent_statements_covered_display": "100"}, "missing_lines": [], "excluded_lines": [], "functions": {"Employee.__str__": {"executed_lines": [77], "summary": {"covered_lines": 1, "num_statements": 1, "percent_covered": 100.0, "percent_covered_display": "100", "missing_lines": 0, "excluded_lines": 0, "percent_statements_covered": 100.0, "percent_statements_covered_display": "100"}, "missing_lines": [], "excluded_lines": [], "start_line": 76}, "Employee.full_name": {"executed_lines": [81], "summary": {"covered_lines": 1, "num_statements": 1, "percent_covered": 100.0, "percent_covered_display": "100", "missing_lines": 0, "excluded_lines": 0, "percent_statements_covered": 100.0, "percent_statements_covered_display": "100"}, "missing_lines": [], "excluded_lines": [], "start_line": 80}, "Employee.save": {"executed_lines": [84, 85, 87, 88, 89, 91, 93, 95], "summary": {"covered_lines": 8, "num_statements": 8, "percent_covered": 100.0, "percent_covered_display": "100", "missing_lines": 0, "excluded_lines": 0, "percent_statements_covered": 100.0, "percent_statements_covered_display": "100"}, "missing_lines": [], "excluded_lines": [], "start_line": 83}, "Payroll.__str__": {"executed_lines": [180], "summary": {"covered_lines": 1, "num_statements": 1, "percent_covered": 100.0, "percent_covered_display": "100", "missing_lines": 0, "excluded_lines": 0, "percent_statements_covered": 100.0, "percent_statements_covered_display": "100"}, "missing_lines": [], "excluded_lines": [], "start_line": 179}, "Payroll.calculate_totals": {"executed_lines": [184, 185, 187, 194, 195, 197], "summary": {"covered_lines": 6, "num_statements": 6, "percent_covered": 100.0, "percent_covered_display": "100", "missing_lines": 0, "excluded_lines": 0, "percent_statements_covered": 100.0, "percent_statements_covered_display": "100"}, "missing_lines": [], "excluded_lines": [], "start_line": 182}, "Attendance.__str__": {"executed_lines": [247], "summary": {"covered_lines": 1, "num_statements": 1, "percent_covered": 100.0, "percent_covered_display": "100", "missing_lines": 0, "excluded_lines": 0, "percent_statements_covered": 100.0, "percent_statements_covered_display": "100"}, "missing_lines": [], "excluded_lines": [], "start_line": 246}, "": {"executed_lines": [1, 2, 3, 5, 6, 13, 24, 30, 31, 32, 33, 34, 36, 41, 43, 49, 50, 52, 53, 61, 62, 64, 66, 68, 69, 71, 72, 73, 74, 76, 79, 80, 83, 98, 101, 106, 111, 117, 123, 124, 126, 127, 132, 137, 143, 144, 145, 147, 150, 151, 154, 159, 161, 162, 170, 171, 173, 174, 175, 176, 177, 179, 182, 202, 203, 210, 215, 216, 221, 222, 223, 229, 230, 237, 238, 240, 241, 242, 243, 244, 246], "summary": {"covered_lines": 81, "num_statements": 81, "percent_covered": 100.0, "percent_covered_display": "100", "missing_lines": 0, "excluded_lines": 0, "percent_statements_covered": 100.0, "percent_statements_covered_display": "100"}, "missing_lines": [], "excluded_lines": [], "start_line": 1}}, "classes": {"Employee": {"executed_lines": [77, 81, 84, 85, 87, 88, 89, 91, 93, 95], "summary": {"covered_lines": 10, "num_statements": 10, "percent_covered": 100.0, "percent_covered_display": "100", "missing_lines": 0, "excluded_lines": 0, "percent_statements_covered": 100.0, "percent_statements_covered_display": "100"}, "missing_lines": [], "excluded_lines": [], "start_line": 5}, "Employee.Meta": {"executed_lines": [], "summary": {"covered_lines": 0, "num_statements": 0, "percent_covered": 100.0, "percent_covered_display": "100", "missing_lines": 0, "excluded_lines": 0, "percent_statements_covered": 100.0, "percent_statements_covered_display": "100"}, "missing_lines": [], "excluded_lines": [], "start_line": 71}, "Payroll": {"executed_lines": [180, 184, 185, 187, 194, 195, 197], "summary": {"covered_lines": 7, "num_statements": 7, "percent_covered": 100.0, "percent_covered_display": "100", "missing_lines": 0, "excluded_lines": 0, "percent_statements_covered": 100.0, "percent_statements_covered_display": "100"}, "missing_lines": [], "excluded_lines": [], "start_line": 98}, "Payroll.Meta": {"executed_lines": [], "summary": {"covered_lines": 0, "num_statements": 0, "percent_covered": 100.0, "percent_covered_display": "100", "missing_lines": 0, "excluded_lines": 0, "percent_statements_covered": 100.0, "percent_statements_covered_display": "100"}, "missing_lines": [], "excluded_lines": [], "start_line": 173}, "Attendance": {"executed_lines": [247], "summary": {"covered_lines": 1, "num_statements": 1, "percent_covered": 100.0, "percent_covered_display": "100", "missing_lines": 0, "excluded_lines": 0, "percent_statements_covered": 100.0, "percent_statements_covered_display": "100"}, "missing_lines": [], "excluded_lines": [], "start_line": 202}, "Attendance.Meta": {"executed_lines": [], "summary": {"covered_lines": 0, "num_statements": 0, "percent_covered": 100.0, "percent_covered_display": "100", "missing_lines": 0, "excluded_lines": 0, "percent_statements_covered": 100.0, "percent_statements_covered_display": "100"}, "missing_lines": [], "excluded_lines": [], "start_line": 240}, "": {"executed_lines": [1, 2, 3, 5, 6, 13, 24, 30, 31, 32, 33, 34, 36, 41, 43, 49, 50, 52, 53, 61, 62, 64, 66, 68, 69, 71, 72, 73, 74, 76, 79, 80, 83, 98, 101, 106, 111, 117, 123, 124, 126, 127, 132, 137, 143, 144, 145, 147, 150, 151, 154, 159, 161, 162, 170, 171, 173, 174, 175, 176, 177, 179, 182, 202, 203, 210, 215, 216, 221, 222, 223, 229, 230, 237, 238, 240, 241, 242, 243, 244, 246], "summary": {"covered_lines": 81, "num_statements": 81, "percent_covered": 100.0, "percent_covered_display": "100", "missing_lines": 0, "excluded_lines": 0, "percent_statements_covered": 100.0, "percent_statements_covered_display": "100"}, "missing_lines": [], "excluded_lines": [], "start_line": 1}}}, "Employees\\serializers.py": {"executed_lines": [1, 2, 3, 6, 7, 8, 9, 10, 12, 13, 14, 23, 25, 26, 28, 29, 30, 37, 39, 40, 42, 44, 50, 51, 52, 53, 55, 56, 57, 62, 65, 66, 67, 68, 70, 71, 72, 82, 84, 86, 87, 88, 89, 91, 101, 102, 103, 104, 105, 107, 108, 109, 116, 118, 122, 123, 126, 127, 128, 129, 135, 136, 138, 139, 141, 142, 143, 144, 145, 146, 147, 152, 153, 156, 157, 158, 159, 161, 162, 163, 169, 171, 173, 174, 175, 189, 190, 192, 195, 196, 197, 198, 199, 201, 202, 203, 209, 214, 215, 220, 221, 223, 224, 225, 226, 228, 229, 231, 233, 234, 237, 238, 239, 243, 247, 251], "summary": {"covered_lines": 116, "num_statements": 137, "percent_covered": 84.67153284671532, "percent_covered_display": "85", "missing_lines": 21, "excluded_lines": 0, "percent_statements_covered": 84.67153284671532, "percent_statements_covered_display": "85"}, "missing_lines": [31, 41, 45, 46, 47, 93, 94, 96, 97, 98, 180, 181, 182, 183, 187, 191, 230, 235, 240, 244, 248], "excluded_lines": [], "functions": {"EmployeeSerializer.get_total_payrolls": {"executed_lines": [26], "summary": {"covered_lines": 1, "num_statements": 1, "percent_covered": 100.0, "percent_covered_display": "100", "missing_lines": 0, "excluded_lines": 0, "percent_statements_covered": 100.0, "percent_statements_covered_display": "100"}, "missing_lines": [], "excluded_lines": [], "start_line": 25}, "EmployeeSerializer.get_latest_payroll": {"executed_lines": [29, 30, 37], "summary": {"covered_lines": 3, "num_statements": 4, "percent_covered": 75.0, "percent_covered_display": "75", "missing_lines": 1, "excluded_lines": 0, "percent_statements_covered": 75.0, "percent_statements_covered_display": "75"}, "missing_lines": [31], "excluded_lines": [], "start_line": 28}, "EmployeeSerializer.validate_email": {"executed_lines": [40, 42], "summary": {"covered_lines": 2, "num_statements": 3, "percent_covered": 66.66666666666667, "percent_covered_display": "67", "missing_lines": 1, "excluded_lines": 0, "percent_statements_covered": 66.66666666666667, "percent_statements_covered_display": "67"}, "missing_lines": [41], "excluded_lines": [], "start_line": 39}, "EmployeeSerializer.validate_employee_id": {"executed_lines": [], "summary": {"covered_lines": 0, "num_statements": 3, "percent_covered": 0.0, "percent_covered_display": "0", "missing_lines": 3, "excluded_lines": 0, "percent_statements_covered": 0.0, "percent_statements_covered_display": "0"}, "missing_lines": [45, 46, 47], "excluded_lines": [], "start_line": 44}, "PayrollSerializer.create": {"executed_lines": [86, 87, 88, 89], "summary": {"covered_lines": 4, "num_statements": 4, "percent_covered": 100.0, "percent_covered_display": "100", "missing_lines": 0, "excluded_lines": 0, "percent_statements_covered": 100.0, "percent_statements_covered_display": "100"}, "missing_lines": [], "excluded_lines": [], "start_line": 84}, "PayrollSerializer.update": {"executed_lines": [], "summary": {"covered_lines": 0, "num_statements": 5, "percent_covered": 0.0, "percent_covered_display": "0", "missing_lines": 5, "excluded_lines": 0, "percent_statements_covered": 0.0, "percent_statements_covered_display": "0"}, "missing_lines": [93, 94, 96, 97, 98], "excluded_lines": [], "start_line": 91}, "PayrollBulkCreateSerializer.to_internal_value": {"executed_lines": [139, 141, 142, 143, 144, 145, 146, 147], "summary": {"covered_lines": 8, "num_statements": 8, "percent_covered": 100.0, "percent_covered_display": "100", "missing_lines": 0, "excluded_lines": 0, "percent_statements_covered": 100.0, "percent_statements_covered_display": "100"}, "missing_lines": [], "excluded_lines": [], "start_line": 138}, "AttendanceSerializer.validate": {"executed_lines": [173, 174, 175], "summary": {"covered_lines": 3, "num_statements": 8, "percent_covered": 37.5, "percent_covered_display": "38", "missing_lines": 5, "excluded_lines": 0, "percent_statements_covered": 37.5, "percent_statements_covered_display": "38"}, "missing_lines": [180, 181, 182, 183, 187], "excluded_lines": [], "start_line": 171}, "AttendanceSerializer.validate_employee": {"executed_lines": [190, 192], "summary": {"covered_lines": 2, "num_statements": 3, "percent_covered": 66.66666666666667, "percent_covered_display": "67", "missing_lines": 1, "excluded_lines": 0, "percent_statements_covered": 66.66666666666667, "percent_statements_covered_display": "67"}, "missing_lines": [191], "excluded_lines": [], "start_line": 189}, "BulkAttendanceSerializer.to_internal_value": {"executed_lines": [221, 223, 224, 225, 226], "summary": {"covered_lines": 5, "num_statements": 5, "percent_covered": 100.0, "percent_covered_display": "100", "missing_lines": 0, "excluded_lines": 0, "percent_statements_covered": 100.0, "percent_statements_covered_display": "100"}, "missing_lines": [], "excluded_lines": [], "start_line": 220}, "BulkAttendanceSerializer.validate_date": {"executed_lines": [229, 231], "summary": {"covered_lines": 2, "num_statements": 3, "percent_covered": 66.66666666666667, "percent_covered_display": "67", "missing_lines": 1, "excluded_lines": 0, "percent_statements_covered": 66.66666666666667, "percent_statements_covered_display": "67"}, "missing_lines": [230], "excluded_lines": [], "start_line": 228}, "BulkAttendanceSerializer.validate_records": {"executed_lines": [234, 237, 238, 239, 243, 247, 251], "summary": {"covered_lines": 7, "num_statements": 11, "percent_covered": 63.63636363636363, "percent_covered_display": "64", "missing_lines": 4, "excluded_lines": 0, "percent_statements_covered": 63.63636363636363, "percent_statements_covered_display": "64"}, "missing_lines": [235, 240, 244, 248], "excluded_lines": [], "start_line": 233}, "": {"executed_lines": [1, 2, 3, 6, 7, 8, 9, 10, 12, 13, 14, 23, 25, 28, 39, 44, 50, 51, 52, 53, 55, 56, 57, 62, 65, 66, 67, 68, 70, 71, 72, 82, 84, 91, 101, 102, 103, 104, 105, 107, 108, 109, 116, 118, 122, 123, 126, 127, 128, 129, 135, 136, 138, 152, 153, 156, 157, 158, 159, 161, 162, 163, 169, 171, 189, 195, 196, 197, 198, 199, 201, 202, 203, 209, 214, 215, 220, 228, 233], "summary": {"covered_lines": 79, "num_statements": 79, "percent_covered": 100.0, "percent_covered_display": "100", "missing_lines": 0, "excluded_lines": 0, "percent_statements_covered": 100.0, "percent_statements_covered_display": "100"}, "missing_lines": [], "excluded_lines": [], "start_line": 1}}, "classes": {"EmployeeSerializer": {"executed_lines": [26, 29, 30, 37, 40, 42], "summary": {"covered_lines": 6, "num_statements": 11, "percent_covered": 54.54545454545455, "percent_covered_display": "55", "missing_lines": 5, "excluded_lines": 0, "percent_statements_covered": 54.54545454545455, "percent_statements_covered_display": "55"}, "missing_lines": [31, 41, 45, 46, 47], "excluded_lines": [], "start_line": 6}, "EmployeeSerializer.Meta": {"executed_lines": [], "summary": {"covered_lines": 0, "num_statements": 0, "percent_covered": 100.0, "percent_covered_display": "100", "missing_lines": 0, "excluded_lines": 0, "percent_statements_covered": 100.0, "percent_statements_covered_display": "100"}, "missing_lines": [], "excluded_lines": [], "start_line": 12}, "EmployeeListSerializer": {"executed_lines": [], "summary": {"covered_lines": 0, "num_statements": 0, "percent_covered": 100.0, "percent_covered_display": "100", "missing_lines": 0, "excluded_lines": 0, "percent_statements_covered": 100.0, "percent_statements_covered_display": "100"}, "missing_lines": [], "excluded_lines": [], "start_line": 50}, "EmployeeListSerializer.Meta": {"executed_lines": [], "summary": {"covered_lines": 0, "num_statements": 0, "percent_covered": 100.0, "percent_covered_display": "100", "missing_lines": 0, "excluded_lines": 0, "percent_statements_covered": 100.0, "percent_statements_covered_display": "100"}, "missing_lines": [], "excluded_lines": [], "start_line": 55}, "PayrollSerializer": {"executed_lines": [86, 87, 88, 89], "summary": {"covered_lines": 4, "num_statements": 9, "percent_covered": 44.44444444444444, "percent_covered_display": "44", "missing_lines": 5, "excluded_lines": 0, "percent_statements_covered": 44.44444444444444, "percent_statements_covered_display": "44"}, "missing_lines": [93, 94, 96, 97, 98], "excluded_lines": [], "start_line": 65}, "PayrollSerializer.Meta": {"executed_lines": [], "summary": {"covered_lines": 0, "num_statements": 0, "percent_covered": 100.0, "percent_covered_display": "100", "missing_lines": 0, "excluded_lines": 0, "percent_statements_covered": 100.0, "percent_statements_covered_display": "100"}, "missing_lines": [], "excluded_lines": [], "start_line": 70}, "PayrollListSerializer": {"executed_lines": [], "summary": {"covered_lines": 0, "num_statements": 0, "percent_covered": 100.0, "percent_covered_display": "100", "missing_lines": 0, "excluded_lines": 0, "percent_statements_covered": 100.0, "percent_statements_covered_display": "100"}, "missing_lines": [], "excluded_lines": [], "start_line": 101}, "PayrollListSerializer.Meta": {"executed_lines": [], "summary": {"covered_lines": 0, "num_statements": 0, "percent_covered": 100.0, "percent_covered_display": "100", "missing_lines": 0, "excluded_lines": 0, "percent_statements_covered": 100.0, "percent_statements_covered_display": "100"}, "missing_lines": [], "excluded_lines": [], "start_line": 107}, "PayrollBulkCreateSerializer": {"executed_lines": [139, 141, 142, 143, 144, 145, 146, 147], "summary": {"covered_lines": 8, "num_statements": 8, "percent_covered": 100.0, "percent_covered_display": "100", "missing_lines": 0, "excluded_lines": 0, "percent_statements_covered": 100.0, "percent_statements_covered_display": "100"}, "missing_lines": [], "excluded_lines": [], "start_line": 116}, "AttendanceSerializer": {"executed_lines": [173, 174, 175, 190, 192], "summary": {"covered_lines": 5, "num_statements": 11, "percent_covered": 45.45454545454545, "percent_covered_display": "45", "missing_lines": 6, "excluded_lines": 0, "percent_statements_covered": 45.45454545454545, "percent_statements_covered_display": "45"}, "missing_lines": [180, 181, 182, 183, 187, 191], "excluded_lines": [], "start_line": 156}, "AttendanceSerializer.Meta": {"executed_lines": [], "summary": {"covered_lines": 0, "num_statements": 0, "percent_covered": 100.0, "percent_covered_display": "100", "missing_lines": 0, "excluded_lines": 0, "percent_statements_covered": 100.0, "percent_statements_covered_display": "100"}, "missing_lines": [], "excluded_lines": [], "start_line": 161}, "AttendanceListSerializer": {"executed_lines": [], "summary": {"covered_lines": 0, "num_statements": 0, "percent_covered": 100.0, "percent_covered_display": "100", "missing_lines": 0, "excluded_lines": 0, "percent_statements_covered": 100.0, "percent_statements_covered_display": "100"}, "missing_lines": [], "excluded_lines": [], "start_line": 195}, "AttendanceListSerializer.Meta": {"executed_lines": [], "summary": {"covered_lines": 0, "num_statements": 0, "percent_covered": 100.0, "percent_covered_display": "100", "missing_lines": 0, "excluded_lines": 0, "percent_statements_covered": 100.0, "percent_statements_covered_display": "100"}, "missing_lines": [], "excluded_lines": [], "start_line": 201}, "BulkAttendanceSerializer": {"executed_lines": [221, 223, 224, 225, 226, 229, 231, 234, 237, 238, 239, 243, 247, 251], "summary": {"covered_lines": 14, "num_statements": 19, "percent_covered": 73.6842105263158, "percent_covered_display": "74", "missing_lines": 5, "excluded_lines": 0, "percent_statements_covered": 73.6842105263158, "percent_statements_covered_display": "74"}, "missing_lines": [230, 235, 240, 244, 248], "excluded_lines": [], "start_line": 209}, "": {"executed_lines": [1, 2, 3, 6, 7, 8, 9, 10, 12, 13, 14, 23, 25, 28, 39, 44, 50, 51, 52, 53, 55, 56, 57, 62, 65, 66, 67, 68, 70, 71, 72, 82, 84, 91, 101, 102, 103, 104, 105, 107, 108, 109, 116, 118, 122, 123, 126, 127, 128, 129, 135, 136, 138, 152, 153, 156, 157, 158, 159, 161, 162, 163, 169, 171, 189, 195, 196, 197, 198, 199, 201, 202, 203, 209, 214, 215, 220, 228, 233], "summary": {"covered_lines": 79, "num_statements": 79, "percent_covered": 100.0, "percent_covered_display": "100", "missing_lines": 0, "excluded_lines": 0, "percent_statements_covered": 100.0, "percent_statements_covered_display": "100"}, "missing_lines": [], "excluded_lines": [], "start_line": 1}}}, "Employees\\tests.py": {"executed_lines": [1, 2, 4, 6, 7, 14, 17, 18, 19, 20, 22, 23, 24, 26, 27, 28, 30, 31, 33, 38, 39, 41, 42, 44, 50, 51, 53, 54, 55, 57, 62, 64, 80, 81, 83, 84, 85, 87, 88, 89, 90, 92, 93, 95, 114, 115, 116, 118, 119, 120, 122, 137, 138, 140, 141, 142, 143, 151, 152, 154, 155, 156, 157], "summary": {"covered_lines": 63, "num_statements": 63, "percent_covered": 100.0, "percent_covered_display": "100", "missing_lines": 0, "excluded_lines": 0, "percent_statements_covered": 100.0, "percent_statements_covered_display": "100"}, "missing_lines": [], "excluded_lines": [], "functions": {"EmployeeAndPayrollAPITests.setUp": {"executed_lines": [19, 20], "summary": {"covered_lines": 2, "num_statements": 2, "percent_covered": 100.0, "percent_covered_display": "100", "missing_lines": 0, "excluded_lines": 0, "percent_statements_covered": 100.0, "percent_statements_covered_display": "100"}, "missing_lines": [], "excluded_lines": [], "start_line": 18}, "EmployeeAndPayrollAPITests.test_employee_crud_search_filters_and_status": {"executed_lines": [23, 24, 26, 27, 28, 30, 31, 33, 38, 39], "summary": {"covered_lines": 10, "num_statements": 10, "percent_covered": 100.0, "percent_covered_display": "100", "missing_lines": 0, "excluded_lines": 0, "percent_statements_covered": 100.0, "percent_statements_covered_display": "100"}, "missing_lines": [], "excluded_lines": [], "start_line": 22}, "EmployeeAndPayrollAPITests.test_employee_duplicate_email_is_rejected": {"executed_lines": [42, 44, 50, 51], "summary": {"covered_lines": 4, "num_statements": 4, "percent_covered": 100.0, "percent_covered_display": "100", "missing_lines": 0, "excluded_lines": 0, "percent_statements_covered": 100.0, "percent_statements_covered_display": "100"}, "missing_lines": [], "excluded_lines": [], "start_line": 41}, "EmployeeAndPayrollAPITests.test_attendance_validation_bulk_mark_daily_and_summary": {"executed_lines": [54, 55, 57, 62, 64, 80, 81, 83, 84, 85, 87, 88, 89, 90], "summary": {"covered_lines": 14, "num_statements": 14, "percent_covered": 100.0, "percent_covered_display": "100", "missing_lines": 0, "excluded_lines": 0, "percent_statements_covered": 100.0, "percent_statements_covered_display": "100"}, "missing_lines": [], "excluded_lines": [], "start_line": 53}, "EmployeeAndPayrollAPITests.test_payroll_create_calculates_salary_bonus_deductions_and_overtime": {"executed_lines": [93, 95, 114, 115, 116], "summary": {"covered_lines": 5, "num_statements": 5, "percent_covered": 100.0, "percent_covered_display": "100", "missing_lines": 0, "excluded_lines": 0, "percent_statements_covered": 100.0, "percent_statements_covered_display": "100"}, "missing_lines": [], "excluded_lines": [], "start_line": 92}, "EmployeeAndPayrollAPITests.test_bulk_payroll_duplicate_period_reports_error": {"executed_lines": [119, 120, 122, 137, 138], "summary": {"covered_lines": 5, "num_statements": 5, "percent_covered": 100.0, "percent_covered_display": "100", "missing_lines": 0, "excluded_lines": 0, "percent_statements_covered": 100.0, "percent_statements_covered_display": "100"}, "missing_lines": [], "excluded_lines": [], "start_line": 118}, "EmployeeAndPayrollAPITests.test_payroll_summary_filters_by_payment_method_and_date": {"executed_lines": [141, 142, 143, 151, 152, 154, 155, 156, 157], "summary": {"covered_lines": 9, "num_statements": 9, "percent_covered": 100.0, "percent_covered_display": "100", "missing_lines": 0, "excluded_lines": 0, "percent_statements_covered": 100.0, "percent_statements_covered_display": "100"}, "missing_lines": [], "excluded_lines": [], "start_line": 140}, "": {"executed_lines": [1, 2, 4, 6, 7, 14, 17, 18, 22, 41, 53, 92, 118, 140], "summary": {"covered_lines": 14, "num_statements": 14, "percent_covered": 100.0, "percent_covered_display": "100", "missing_lines": 0, "excluded_lines": 0, "percent_statements_covered": 100.0, "percent_statements_covered_display": "100"}, "missing_lines": [], "excluded_lines": [], "start_line": 1}}, "classes": {"EmployeeAndPayrollAPITests": {"executed_lines": [19, 20, 23, 24, 26, 27, 28, 30, 31, 33, 38, 39, 42, 44, 50, 51, 54, 55, 57, 62, 64, 80, 81, 83, 84, 85, 87, 88, 89, 90, 93, 95, 114, 115, 116, 119, 120, 122, 137, 138, 141, 142, 143, 151, 152, 154, 155, 156, 157], "summary": {"covered_lines": 49, "num_statements": 49, "percent_covered": 100.0, "percent_covered_display": "100", "missing_lines": 0, "excluded_lines": 0, "percent_statements_covered": 100.0, "percent_statements_covered_display": "100"}, "missing_lines": [], "excluded_lines": [], "start_line": 17}, "": {"executed_lines": [1, 2, 4, 6, 7, 14, 17, 18, 22, 41, 53, 92, 118, 140], "summary": {"covered_lines": 14, "num_statements": 14, "percent_covered": 100.0, "percent_covered_display": "100", "missing_lines": 0, "excluded_lines": 0, "percent_statements_covered": 100.0, "percent_statements_covered_display": "100"}, "missing_lines": [], "excluded_lines": [], "start_line": 1}}}, "Employees\\urls.py": {"executed_lines": [1, 2, 3, 4, 7], "summary": {"covered_lines": 5, "num_statements": 5, "percent_covered": 100.0, "percent_covered_display": "100", "missing_lines": 0, "excluded_lines": 0, "percent_statements_covered": 100.0, "percent_statements_covered_display": "100"}, "missing_lines": [], "excluded_lines": [], "functions": {"": {"executed_lines": [1, 2, 3, 4, 7], "summary": {"covered_lines": 5, "num_statements": 5, "percent_covered": 100.0, "percent_covered_display": "100", "missing_lines": 0, "excluded_lines": 0, "percent_statements_covered": 100.0, "percent_statements_covered_display": "100"}, "missing_lines": [], "excluded_lines": [], "start_line": 1}}, "classes": {"": {"executed_lines": [1, 2, 3, 4, 7], "summary": {"covered_lines": 5, "num_statements": 5, "percent_covered": 100.0, "percent_covered_display": "100", "missing_lines": 0, "excluded_lines": 0, "percent_statements_covered": 100.0, "percent_statements_covered_display": "100"}, "missing_lines": [], "excluded_lines": [], "start_line": 1}}}, "Employees\\views.py": {"executed_lines": [1, 2, 3, 4, 5, 6, 7, 8, 9, 11, 12, 13, 14, 15, 24, 35, 36, 37, 39, 40, 41, 42, 44, 45, 48, 49, 50, 51, 53, 54, 62, 63, 65, 68, 69, 70, 72, 74, 75, 94, 95, 122, 123, 151, 158, 159, 160, 162, 163, 164, 165, 167, 169, 170, 173, 175, 176, 177, 178, 180, 186, 187, 189, 190, 191, 193, 194, 195, 197, 199, 200, 202, 203, 204, 206, 207, 209, 210, 211, 213, 214, 215, 218, 223, 227, 230, 231, 232, 246, 247, 248, 256, 262, 263, 280, 281, 283, 285, 287, 305, 315, 320, 326, 327, 372, 373, 378, 379, 380, 383, 399, 400, 401, 403, 404, 406, 408, 410, 448, 451, 460, 461, 462, 463, 464, 465, 467, 468, 469, 470, 472, 473, 474, 482, 490, 495, 503, 504, 506, 512, 514, 515, 519, 530, 531, 538, 539, 541, 545, 547, 553, 560, 562, 572, 573, 579, 580, 581, 582, 584, 590, 591, 598, 604, 605, 606, 607, 608, 613, 615, 633, 635, 636, 637, 639, 647, 648, 650, 651, 654, 655, 656, 658, 968, 970, 977, 978, 980, 983, 984], "summary": {"covered_lines": 190, "num_statements": 416, "percent_covered": 45.67307692307692, "percent_covered_display": "46", "missing_lines": 226, "excluded_lines": 0, "percent_statements_covered": 45.67307692307692, "percent_statements_covered_display": "46"}, "missing_lines": [66, 77, 78, 81, 82, 83, 84, 86, 87, 88, 89, 91, 92, 97, 98, 100, 101, 102, 112, 125, 126, 128, 129, 130, 131, 137, 138, 139, 141, 148, 166, 181, 250, 251, 265, 267, 268, 270, 271, 273, 274, 276, 277, 278, 288, 289, 290, 291, 292, 294, 295, 296, 300, 301, 302, 303, 329, 330, 331, 333, 338, 349, 350, 351, 352, 355, 356, 357, 358, 363, 364, 365, 367, 405, 407, 411, 414, 415, 416, 417, 418, 419, 420, 422, 423, 425, 426, 428, 429, 430, 432, 433, 434, 435, 436, 437, 439, 440, 446, 449, 452, 453, 454, 455, 456, 475, 476, 480, 496, 497, 501, 517, 585, 592, 593, 659, 661, 662, 663, 664, 667, 668, 670, 671, 673, 674, 676, 677, 679, 685, 687, 688, 689, 692, 693, 696, 698, 702, 706, 714, 715, 721, 725, 732, 734, 745, 755, 759, 761, 767, 780, 781, 783, 787, 791, 795, 799, 803, 807, 811, 813, 817, 818, 825, 861, 881, 882, 888, 890, 894, 906, 907, 922, 936, 958, 960, 962, 985, 987, 988, 989, 990, 991, 992, 994, 995, 997, 998, 1000, 1001, 1003, 1004, 1006, 1007, 1009, 1010, 1018, 1019, 1023, 1024, 1026, 1029, 1033, 1040, 1043, 1053, 1054, 1064, 1067, 1068, 1071, 1080, 1090, 1092, 1102, 1105, 1106, 1109, 1121, 1122, 1134, 1139, 1150, 1153, 1155, 1157], "excluded_lines": [], "functions": {"EmployeeViewSet.get_serializer_class": {"executed_lines": [40, 41, 42], "summary": {"covered_lines": 3, "num_statements": 3, "percent_covered": 100.0, "percent_covered_display": "100", "missing_lines": 0, "excluded_lines": 0, "percent_statements_covered": 100.0, "percent_statements_covered_display": "100"}, "missing_lines": [], "excluded_lines": [], "start_line": 39}, "EmployeeViewSet.get_queryset": {"executed_lines": [45, 48, 49, 50, 51, 53, 54, 62, 63, 65, 68, 69, 70, 72], "summary": {"covered_lines": 14, "num_statements": 15, "percent_covered": 93.33333333333333, "percent_covered_display": "93", "missing_lines": 1, "excluded_lines": 0, "percent_statements_covered": 93.33333333333333, "percent_statements_covered_display": "93"}, "missing_lines": [66], "excluded_lines": [], "start_line": 44}, "EmployeeViewSet.payroll_history": {"executed_lines": [], "summary": {"covered_lines": 0, "num_statements": 12, "percent_covered": 0.0, "percent_covered_display": "0", "missing_lines": 12, "excluded_lines": 0, "percent_statements_covered": 0.0, "percent_statements_covered_display": "0"}, "missing_lines": [77, 78, 81, 82, 83, 84, 86, 87, 88, 89, 91, 92], "excluded_lines": [], "start_line": 75}, "EmployeeViewSet.payroll_summary": {"executed_lines": [], "summary": {"covered_lines": 0, "num_statements": 6, "percent_covered": 0.0, "percent_covered_display": "0", "missing_lines": 6, "excluded_lines": 0, "percent_statements_covered": 0.0, "percent_statements_covered_display": "0"}, "missing_lines": [97, 98, 100, 101, 102, 112], "excluded_lines": [], "start_line": 95}, "EmployeeViewSet.by_department": {"executed_lines": [], "summary": {"covered_lines": 0, "num_statements": 11, "percent_covered": 0.0, "percent_covered_display": "0", "missing_lines": 11, "excluded_lines": 0, "percent_statements_covered": 0.0, "percent_statements_covered_display": "0"}, "missing_lines": [125, 126, 128, 129, 130, 131, 137, 138, 139, 141, 148], "excluded_lines": [], "start_line": 123}, "PayrollViewSet.get_serializer_class": {"executed_lines": [163, 164, 165, 167], "summary": {"covered_lines": 4, "num_statements": 5, "percent_covered": 80.0, "percent_covered_display": "80", "missing_lines": 1, "excluded_lines": 0, "percent_statements_covered": 80.0, "percent_statements_covered_display": "80"}, "missing_lines": [166], "excluded_lines": [], "start_line": 162}, "PayrollViewSet.get_queryset": {"executed_lines": [170, 173, 175, 176, 177, 178, 180, 186, 187, 189, 190, 191, 193, 194, 195, 197], "summary": {"covered_lines": 16, "num_statements": 17, "percent_covered": 94.11764705882354, "percent_covered_display": "94", "missing_lines": 1, "excluded_lines": 0, "percent_statements_covered": 94.11764705882354, "percent_statements_covered_display": "94"}, "missing_lines": [181], "excluded_lines": [], "start_line": 169}, "PayrollViewSet.perform_create": {"executed_lines": [200], "summary": {"covered_lines": 1, "num_statements": 1, "percent_covered": 100.0, "percent_covered_display": "100", "missing_lines": 0, "excluded_lines": 0, "percent_statements_covered": 100.0, "percent_statements_covered_display": "100"}, "missing_lines": [], "excluded_lines": [], "start_line": 199}, "PayrollViewSet.bulk_create_payroll": {"executed_lines": [206, 207, 209, 210, 211, 213, 214, 215, 218, 223, 227, 230, 231, 232, 246, 247, 248, 256], "summary": {"covered_lines": 18, "num_statements": 20, "percent_covered": 90.0, "percent_covered_display": "90", "missing_lines": 2, "excluded_lines": 0, "percent_statements_covered": 90.0, "percent_statements_covered_display": "90"}, "missing_lines": [250, 251], "excluded_lines": [], "start_line": 204}, "PayrollViewSet.update_payment_status": {"executed_lines": [], "summary": {"covered_lines": 0, "num_statements": 10, "percent_covered": 0.0, "percent_covered_display": "0", "missing_lines": 10, "excluded_lines": 0, "percent_statements_covered": 0.0, "percent_statements_covered_display": "0"}, "missing_lines": [265, 267, 268, 270, 271, 273, 274, 276, 277, 278], "excluded_lines": [], "start_line": 263}, "PayrollViewSet.summary": {"executed_lines": [283, 285, 287, 305, 315, 320], "summary": {"covered_lines": 6, "num_statements": 18, "percent_covered": 33.333333333333336, "percent_covered_display": "33", "missing_lines": 12, "excluded_lines": 0, "percent_statements_covered": 33.333333333333336, "percent_statements_covered_display": "33"}, "missing_lines": [288, 289, 290, 291, 292, 294, 295, 296, 300, 301, 302, 303], "excluded_lines": [], "start_line": 281}, "PayrollViewSet.monthly_report": {"executed_lines": [], "summary": {"covered_lines": 0, "num_statements": 17, "percent_covered": 0.0, "percent_covered_display": "0", "missing_lines": 17, "excluded_lines": 0, "percent_statements_covered": 0.0, "percent_statements_covered_display": "0"}, "missing_lines": [329, 330, 331, 333, 338, 349, 350, 351, 352, 355, 356, 357, 358, 363, 364, 365, 367], "excluded_lines": [], "start_line": 327}, "AttendanceViewSet.get_serializer_class": {"executed_lines": [404, 406, 408], "summary": {"covered_lines": 3, "num_statements": 5, "percent_covered": 60.0, "percent_covered_display": "60", "missing_lines": 2, "excluded_lines": 0, "percent_statements_covered": 60.0, "percent_statements_covered_display": "60"}, "missing_lines": [405, 407], "excluded_lines": [], "start_line": 403}, "AttendanceViewSet.get_queryset": {"executed_lines": [], "summary": {"covered_lines": 0, "num_statements": 24, "percent_covered": 0.0, "percent_covered_display": "0", "missing_lines": 24, "excluded_lines": 0, "percent_statements_covered": 0.0, "percent_statements_covered_display": "0"}, "missing_lines": [411, 414, 415, 416, 417, 418, 419, 420, 422, 423, 425, 426, 428, 429, 430, 432, 433, 434, 435, 436, 437, 439, 440, 446], "excluded_lines": [], "start_line": 410}, "AttendanceViewSet.perform_create": {"executed_lines": [], "summary": {"covered_lines": 0, "num_statements": 1, "percent_covered": 0.0, "percent_covered_display": "0", "missing_lines": 1, "excluded_lines": 0, "percent_statements_covered": 0.0, "percent_statements_covered_display": "0"}, "missing_lines": [449], "excluded_lines": [], "start_line": 448}, "AttendanceViewSet.perform_update": {"executed_lines": [], "summary": {"covered_lines": 0, "num_statements": 5, "percent_covered": 0.0, "percent_covered_display": "0", "missing_lines": 5, "excluded_lines": 0, "percent_statements_covered": 0.0, "percent_statements_covered_display": "0"}, "missing_lines": [452, 453, 454, 455, 456], "excluded_lines": [], "start_line": 451}, "AttendanceViewSet.bulk_mark": {"executed_lines": [463, 464, 465, 467, 468, 469, 470, 472, 473, 474, 482, 490, 495, 503, 504, 506, 512, 514, 515, 519], "summary": {"covered_lines": 20, "num_statements": 27, "percent_covered": 74.07407407407408, "percent_covered_display": "74", "missing_lines": 7, "excluded_lines": 0, "percent_statements_covered": 74.07407407407408, "percent_statements_covered_display": "74"}, "missing_lines": [475, 476, 480, 496, 497, 501, 517], "excluded_lines": [], "start_line": 462}, "AttendanceViewSet.daily": {"executed_lines": [538, 539, 541, 545, 547, 553, 560, 562], "summary": {"covered_lines": 8, "num_statements": 8, "percent_covered": 100.0, "percent_covered_display": "100", "missing_lines": 0, "excluded_lines": 0, "percent_statements_covered": 100.0, "percent_statements_covered_display": "100"}, "missing_lines": [], "excluded_lines": [], "start_line": 531}, "AttendanceViewSet.summary": {"executed_lines": [579, 580, 581, 582, 584, 590, 591, 598, 604, 605, 606, 607, 608, 613, 615], "summary": {"covered_lines": 15, "num_statements": 18, "percent_covered": 83.33333333333333, "percent_covered_display": "83", "missing_lines": 3, "excluded_lines": 0, "percent_statements_covered": 83.33333333333333, "percent_statements_covered_display": "83"}, "missing_lines": [585, 592, 593], "excluded_lines": [], "start_line": 573}, "PayrollPDFExportView.get": {"executed_lines": [], "summary": {"covered_lines": 0, "num_statements": 62, "percent_covered": 0.0, "percent_covered_display": "0", "missing_lines": 62, "excluded_lines": 0, "percent_statements_covered": 0.0, "percent_statements_covered_display": "0"}, "missing_lines": [659, 661, 662, 663, 664, 667, 668, 670, 671, 673, 674, 676, 677, 679, 685, 687, 688, 689, 692, 693, 696, 698, 702, 706, 714, 715, 721, 725, 732, 734, 745, 755, 759, 761, 767, 780, 781, 783, 787, 791, 795, 799, 803, 807, 811, 813, 817, 818, 825, 861, 881, 882, 888, 890, 894, 906, 907, 922, 936, 958, 960, 962], "excluded_lines": [], "start_line": 658}, "AttendancePDFExportView.get": {"executed_lines": [], "summary": {"covered_lines": 0, "num_statements": 49, "percent_covered": 0.0, "percent_covered_display": "0", "missing_lines": 49, "excluded_lines": 0, "percent_statements_covered": 0.0, "percent_statements_covered_display": "0"}, "missing_lines": [985, 987, 988, 989, 990, 991, 992, 994, 995, 997, 998, 1000, 1001, 1003, 1004, 1006, 1007, 1009, 1010, 1018, 1019, 1023, 1024, 1026, 1029, 1033, 1040, 1043, 1053, 1054, 1064, 1067, 1068, 1071, 1080, 1090, 1092, 1102, 1105, 1106, 1109, 1121, 1122, 1134, 1139, 1150, 1153, 1155, 1157], "excluded_lines": [], "start_line": 984}, "": {"executed_lines": [1, 2, 3, 4, 5, 6, 7, 8, 9, 11, 12, 13, 14, 15, 24, 35, 36, 37, 39, 44, 74, 75, 94, 95, 122, 123, 151, 158, 159, 160, 162, 169, 199, 202, 203, 204, 262, 263, 280, 281, 326, 327, 372, 373, 378, 379, 380, 383, 399, 400, 401, 403, 410, 448, 451, 460, 461, 462, 530, 531, 572, 573, 633, 635, 636, 637, 639, 647, 648, 650, 651, 654, 655, 656, 658, 968, 970, 977, 978, 980, 983, 984], "summary": {"covered_lines": 82, "num_statements": 82, "percent_covered": 100.0, "percent_covered_display": "100", "missing_lines": 0, "excluded_lines": 0, "percent_statements_covered": 100.0, "percent_statements_covered_display": "100"}, "missing_lines": [], "excluded_lines": [], "start_line": 1}}, "classes": {"EmployeeViewSet": {"executed_lines": [40, 41, 42, 45, 48, 49, 50, 51, 53, 54, 62, 63, 65, 68, 69, 70, 72], "summary": {"covered_lines": 17, "num_statements": 47, "percent_covered": 36.170212765957444, "percent_covered_display": "36", "missing_lines": 30, "excluded_lines": 0, "percent_statements_covered": 36.170212765957444, "percent_statements_covered_display": "36"}, "missing_lines": [66, 77, 78, 81, 82, 83, 84, 86, 87, 88, 89, 91, 92, 97, 98, 100, 101, 102, 112, 125, 126, 128, 129, 130, 131, 137, 138, 139, 141, 148], "excluded_lines": [], "start_line": 24}, "PayrollViewSet": {"executed_lines": [163, 164, 165, 167, 170, 173, 175, 176, 177, 178, 180, 186, 187, 189, 190, 191, 193, 194, 195, 197, 200, 206, 207, 209, 210, 211, 213, 214, 215, 218, 223, 227, 230, 231, 232, 246, 247, 248, 256, 283, 285, 287, 305, 315, 320], "summary": {"covered_lines": 45, "num_statements": 88, "percent_covered": 51.13636363636363, "percent_covered_display": "51", "missing_lines": 43, "excluded_lines": 0, "percent_statements_covered": 51.13636363636363, "percent_statements_covered_display": "51"}, "missing_lines": [166, 181, 250, 251, 265, 267, 268, 270, 271, 273, 274, 276, 277, 278, 288, 289, 290, 291, 292, 294, 295, 296, 300, 301, 302, 303, 329, 330, 331, 333, 338, 349, 350, 351, 352, 355, 356, 357, 358, 363, 364, 365, 367], "excluded_lines": [], "start_line": 151}, "AttendanceViewSet": {"executed_lines": [404, 406, 408, 463, 464, 465, 467, 468, 469, 470, 472, 473, 474, 482, 490, 495, 503, 504, 506, 512, 514, 515, 519, 538, 539, 541, 545, 547, 553, 560, 562, 579, 580, 581, 582, 584, 590, 591, 598, 604, 605, 606, 607, 608, 613, 615], "summary": {"covered_lines": 46, "num_statements": 88, "percent_covered": 52.27272727272727, "percent_covered_display": "52", "missing_lines": 42, "excluded_lines": 0, "percent_statements_covered": 52.27272727272727, "percent_statements_covered_display": "52"}, "missing_lines": [405, 407, 411, 414, 415, 416, 417, 418, 419, 420, 422, 423, 425, 426, 428, 429, 430, 432, 433, 434, 435, 436, 437, 439, 440, 446, 449, 452, 453, 454, 455, 456, 475, 476, 480, 496, 497, 501, 517, 585, 592, 593], "excluded_lines": [], "start_line": 383}, "PayrollPDFExportView": {"executed_lines": [], "summary": {"covered_lines": 0, "num_statements": 62, "percent_covered": 0.0, "percent_covered_display": "0", "missing_lines": 62, "excluded_lines": 0, "percent_statements_covered": 0.0, "percent_statements_covered_display": "0"}, "missing_lines": [659, 661, 662, 663, 664, 667, 668, 670, 671, 673, 674, 676, 677, 679, 685, 687, 688, 689, 692, 693, 696, 698, 702, 706, 714, 715, 721, 725, 732, 734, 745, 755, 759, 761, 767, 780, 781, 783, 787, 791, 795, 799, 803, 807, 811, 813, 817, 818, 825, 861, 881, 882, 888, 890, 894, 906, 907, 922, 936, 958, 960, 962], "excluded_lines": [], "start_line": 654}, "AttendancePDFExportView": {"executed_lines": [], "summary": {"covered_lines": 0, "num_statements": 49, "percent_covered": 0.0, "percent_covered_display": "0", "missing_lines": 49, "excluded_lines": 0, "percent_statements_covered": 0.0, "percent_statements_covered_display": "0"}, "missing_lines": [985, 987, 988, 989, 990, 991, 992, 994, 995, 997, 998, 1000, 1001, 1003, 1004, 1006, 1007, 1009, 1010, 1018, 1019, 1023, 1024, 1026, 1029, 1033, 1040, 1043, 1053, 1054, 1064, 1067, 1068, 1071, 1080, 1090, 1092, 1102, 1105, 1106, 1109, 1121, 1122, 1134, 1139, 1150, 1153, 1155, 1157], "excluded_lines": [], "start_line": 983}, "": {"executed_lines": [1, 2, 3, 4, 5, 6, 7, 8, 9, 11, 12, 13, 14, 15, 24, 35, 36, 37, 39, 44, 74, 75, 94, 95, 122, 123, 151, 158, 159, 160, 162, 169, 199, 202, 203, 204, 262, 263, 280, 281, 326, 327, 372, 373, 378, 379, 380, 383, 399, 400, 401, 403, 410, 448, 451, 460, 461, 462, 530, 531, 572, 573, 633, 635, 636, 637, 639, 647, 648, 650, 651, 654, 655, 656, 658, 968, 970, 977, 978, 980, 983, 984], "summary": {"covered_lines": 82, "num_statements": 82, "percent_covered": 100.0, "percent_covered_display": "100", "missing_lines": 0, "excluded_lines": 0, "percent_statements_covered": 100.0, "percent_statements_covered_display": "100"}, "missing_lines": [], "excluded_lines": [], "start_line": 1}}}, "accounts\\__init__.py": {"executed_lines": [], "summary": {"covered_lines": 0, "num_statements": 0, "percent_covered": 100.0, "percent_covered_display": "100", "missing_lines": 0, "excluded_lines": 0, "percent_statements_covered": 100.0, "percent_statements_covered_display": "100"}, "missing_lines": [], "excluded_lines": [], "functions": {"": {"executed_lines": [], "summary": {"covered_lines": 0, "num_statements": 0, "percent_covered": 100.0, "percent_covered_display": "100", "missing_lines": 0, "excluded_lines": 0, "percent_statements_covered": 100.0, "percent_statements_covered_display": "100"}, "missing_lines": [], "excluded_lines": [], "start_line": 1}}, "classes": {"": {"executed_lines": [], "summary": {"covered_lines": 0, "num_statements": 0, "percent_covered": 100.0, "percent_covered_display": "100", "missing_lines": 0, "excluded_lines": 0, "percent_statements_covered": 100.0, "percent_statements_covered_display": "100"}, "missing_lines": [], "excluded_lines": [], "start_line": 1}}}, "accounts\\admin.py": {"executed_lines": [1, 3, 11, 12, 13, 14, 15, 18, 19, 20, 21, 22, 25, 26], "summary": {"covered_lines": 14, "num_statements": 14, "percent_covered": 100.0, "percent_covered_display": "100", "missing_lines": 0, "excluded_lines": 0, "percent_statements_covered": 100.0, "percent_statements_covered_display": "100"}, "missing_lines": [], "excluded_lines": [], "functions": {"": {"executed_lines": [1, 3, 11, 12, 13, 14, 15, 18, 19, 20, 21, 22, 25, 26], "summary": {"covered_lines": 14, "num_statements": 14, "percent_covered": 100.0, "percent_covered_display": "100", "missing_lines": 0, "excluded_lines": 0, "percent_statements_covered": 100.0, "percent_statements_covered_display": "100"}, "missing_lines": [], "excluded_lines": [], "start_line": 1}}, "classes": {"CustomRoleAdmin": {"executed_lines": [], "summary": {"covered_lines": 0, "num_statements": 0, "percent_covered": 100.0, "percent_covered_display": "100", "missing_lines": 0, "excluded_lines": 0, "percent_statements_covered": 100.0, "percent_statements_covered_display": "100"}, "missing_lines": [], "excluded_lines": [], "start_line": 12}, "UserProfileAdmin": {"executed_lines": [], "summary": {"covered_lines": 0, "num_statements": 0, "percent_covered": 100.0, "percent_covered_display": "100", "missing_lines": 0, "excluded_lines": 0, "percent_statements_covered": 100.0, "percent_statements_covered_display": "100"}, "missing_lines": [], "excluded_lines": [], "start_line": 19}, "": {"executed_lines": [1, 3, 11, 12, 13, 14, 15, 18, 19, 20, 21, 22, 25, 26], "summary": {"covered_lines": 14, "num_statements": 14, "percent_covered": 100.0, "percent_covered_display": "100", "missing_lines": 0, "excluded_lines": 0, "percent_statements_covered": 100.0, "percent_statements_covered_display": "100"}, "missing_lines": [], "excluded_lines": [], "start_line": 1}}}, "accounts\\apps.py": {"executed_lines": [1, 4, 5, 6, 8, 9], "summary": {"covered_lines": 6, "num_statements": 6, "percent_covered": 100.0, "percent_covered_display": "100", "missing_lines": 0, "excluded_lines": 0, "percent_statements_covered": 100.0, "percent_statements_covered_display": "100"}, "missing_lines": [], "excluded_lines": [], "functions": {"AccountsConfig.ready": {"executed_lines": [9], "summary": {"covered_lines": 1, "num_statements": 1, "percent_covered": 100.0, "percent_covered_display": "100", "missing_lines": 0, "excluded_lines": 0, "percent_statements_covered": 100.0, "percent_statements_covered_display": "100"}, "missing_lines": [], "excluded_lines": [], "start_line": 8}, "": {"executed_lines": [1, 4, 5, 6, 8], "summary": {"covered_lines": 5, "num_statements": 5, "percent_covered": 100.0, "percent_covered_display": "100", "missing_lines": 0, "excluded_lines": 0, "percent_statements_covered": 100.0, "percent_statements_covered_display": "100"}, "missing_lines": [], "excluded_lines": [], "start_line": 1}}, "classes": {"AccountsConfig": {"executed_lines": [9], "summary": {"covered_lines": 1, "num_statements": 1, "percent_covered": 100.0, "percent_covered_display": "100", "missing_lines": 0, "excluded_lines": 0, "percent_statements_covered": 100.0, "percent_statements_covered_display": "100"}, "missing_lines": [], "excluded_lines": [], "start_line": 4}, "": {"executed_lines": [1, 4, 5, 6, 8], "summary": {"covered_lines": 5, "num_statements": 5, "percent_covered": 100.0, "percent_covered_display": "100", "missing_lines": 0, "excluded_lines": 0, "percent_statements_covered": 100.0, "percent_statements_covered_display": "100"}, "missing_lines": [], "excluded_lines": [], "start_line": 1}}}, "accounts\\constants.py": {"executed_lines": [1, 4, 5, 6, 7, 9, 16, 17, 18, 20], "summary": {"covered_lines": 10, "num_statements": 10, "percent_covered": 100.0, "percent_covered_display": "100", "missing_lines": 0, "excluded_lines": 0, "percent_statements_covered": 100.0, "percent_statements_covered_display": "100"}, "missing_lines": [], "excluded_lines": [], "functions": {"": {"executed_lines": [1, 4, 5, 6, 7, 9, 16, 17, 18, 20], "summary": {"covered_lines": 10, "num_statements": 10, "percent_covered": 100.0, "percent_covered_display": "100", "missing_lines": 0, "excluded_lines": 0, "percent_statements_covered": 100.0, "percent_statements_covered_display": "100"}, "missing_lines": [], "excluded_lines": [], "start_line": 1}}, "classes": {"Role": {"executed_lines": [], "summary": {"covered_lines": 0, "num_statements": 0, "percent_covered": 100.0, "percent_covered_display": "100", "missing_lines": 0, "excluded_lines": 0, "percent_statements_covered": 100.0, "percent_statements_covered_display": "100"}, "missing_lines": [], "excluded_lines": [], "start_line": 4}, "Effect": {"executed_lines": [], "summary": {"covered_lines": 0, "num_statements": 0, "percent_covered": 100.0, "percent_covered_display": "100", "missing_lines": 0, "excluded_lines": 0, "percent_statements_covered": 100.0, "percent_statements_covered_display": "100"}, "missing_lines": [], "excluded_lines": [], "start_line": 16}, "": {"executed_lines": [1, 4, 5, 6, 7, 9, 16, 17, 18, 20], "summary": {"covered_lines": 10, "num_statements": 10, "percent_covered": 100.0, "percent_covered_display": "100", "missing_lines": 0, "excluded_lines": 0, "percent_statements_covered": 100.0, "percent_statements_covered_display": "100"}, "missing_lines": [], "excluded_lines": [], "start_line": 1}}}, "accounts\\management\\__init__.py": {"executed_lines": [], "summary": {"covered_lines": 0, "num_statements": 0, "percent_covered": 100.0, "percent_covered_display": "100", "missing_lines": 0, "excluded_lines": 0, "percent_statements_covered": 100.0, "percent_statements_covered_display": "100"}, "missing_lines": [], "excluded_lines": [], "functions": {"": {"executed_lines": [], "summary": {"covered_lines": 0, "num_statements": 0, "percent_covered": 100.0, "percent_covered_display": "100", "missing_lines": 0, "excluded_lines": 0, "percent_statements_covered": 100.0, "percent_statements_covered_display": "100"}, "missing_lines": [], "excluded_lines": [], "start_line": 1}}, "classes": {"": {"executed_lines": [], "summary": {"covered_lines": 0, "num_statements": 0, "percent_covered": 100.0, "percent_covered_display": "100", "missing_lines": 0, "excluded_lines": 0, "percent_statements_covered": 100.0, "percent_statements_covered_display": "100"}, "missing_lines": [], "excluded_lines": [], "start_line": 1}}}, "accounts\\management\\commands\\__init__.py": {"executed_lines": [], "summary": {"covered_lines": 0, "num_statements": 0, "percent_covered": 100.0, "percent_covered_display": "100", "missing_lines": 0, "excluded_lines": 0, "percent_statements_covered": 100.0, "percent_statements_covered_display": "100"}, "missing_lines": [], "excluded_lines": [], "functions": {"": {"executed_lines": [], "summary": {"covered_lines": 0, "num_statements": 0, "percent_covered": 100.0, "percent_covered_display": "100", "missing_lines": 0, "excluded_lines": 0, "percent_statements_covered": 100.0, "percent_statements_covered_display": "100"}, "missing_lines": [], "excluded_lines": [], "start_line": 1}}, "classes": {"": {"executed_lines": [], "summary": {"covered_lines": 0, "num_statements": 0, "percent_covered": 100.0, "percent_covered_display": "100", "missing_lines": 0, "excluded_lines": 0, "percent_statements_covered": 100.0, "percent_statements_covered_display": "100"}, "missing_lines": [], "excluded_lines": [], "start_line": 1}}}, "accounts\\management\\commands\\seed_permissions.py": {"executed_lines": [1, 3, 5, 137, 139, 187, 193, 195, 196, 197, 202, 204, 209, 211, 213, 217, 222], "summary": {"covered_lines": 17, "num_statements": 17, "percent_covered": 100.0, "percent_covered_display": "100", "missing_lines": 0, "excluded_lines": 0, "percent_statements_covered": 100.0, "percent_statements_covered_display": "100"}, "missing_lines": [], "excluded_lines": [], "functions": {"Command.handle": {"executed_lines": [196, 197, 202, 204, 209, 211, 213, 217, 222], "summary": {"covered_lines": 9, "num_statements": 9, "percent_covered": 100.0, "percent_covered_display": "100", "missing_lines": 0, "excluded_lines": 0, "percent_statements_covered": 100.0, "percent_statements_covered_display": "100"}, "missing_lines": [], "excluded_lines": [], "start_line": 195}, "": {"executed_lines": [1, 3, 5, 137, 139, 187, 193, 195], "summary": {"covered_lines": 8, "num_statements": 8, "percent_covered": 100.0, "percent_covered_display": "100", "missing_lines": 0, "excluded_lines": 0, "percent_statements_covered": 100.0, "percent_statements_covered_display": "100"}, "missing_lines": [], "excluded_lines": [], "start_line": 1}}, "classes": {"Command": {"executed_lines": [196, 197, 202, 204, 209, 211, 213, 217, 222], "summary": {"covered_lines": 9, "num_statements": 9, "percent_covered": 100.0, "percent_covered_display": "100", "missing_lines": 0, "excluded_lines": 0, "percent_statements_covered": 100.0, "percent_statements_covered_display": "100"}, "missing_lines": [], "excluded_lines": [], "start_line": 193}, "": {"executed_lines": [1, 3, 5, 137, 139, 187, 193, 195], "summary": {"covered_lines": 8, "num_statements": 8, "percent_covered": 100.0, "percent_covered_display": "100", "missing_lines": 0, "excluded_lines": 0, "percent_statements_covered": 100.0, "percent_statements_covered_display": "100"}, "missing_lines": [], "excluded_lines": [], "start_line": 1}}}, "accounts\\migrations\\0001_initial.py": {"executed_lines": [1, 2, 3, 6, 8, 10, 15], "summary": {"covered_lines": 7, "num_statements": 7, "percent_covered": 100.0, "percent_covered_display": "100", "missing_lines": 0, "excluded_lines": 0, "percent_statements_covered": 100.0, "percent_statements_covered_display": "100"}, "missing_lines": [], "excluded_lines": [], "functions": {"": {"executed_lines": [1, 2, 3, 6, 8, 10, 15], "summary": {"covered_lines": 7, "num_statements": 7, "percent_covered": 100.0, "percent_covered_display": "100", "missing_lines": 0, "excluded_lines": 0, "percent_statements_covered": 100.0, "percent_statements_covered_display": "100"}, "missing_lines": [], "excluded_lines": [], "start_line": 1}}, "classes": {"Migration": {"executed_lines": [], "summary": {"covered_lines": 0, "num_statements": 0, "percent_covered": 100.0, "percent_covered_display": "100", "missing_lines": 0, "excluded_lines": 0, "percent_statements_covered": 100.0, "percent_statements_covered_display": "100"}, "missing_lines": [], "excluded_lines": [], "start_line": 6}, "": {"executed_lines": [1, 2, 3, 6, 8, 10, 15], "summary": {"covered_lines": 7, "num_statements": 7, "percent_covered": 100.0, "percent_covered_display": "100", "missing_lines": 0, "excluded_lines": 0, "percent_statements_covered": 100.0, "percent_statements_covered_display": "100"}, "missing_lines": [], "excluded_lines": [], "start_line": 1}}}, "accounts\\migrations\\0002_permission_alter_userpermissionoverride_permission_and_more.py": {"executed_lines": [3, 4, 7, 9, 13], "summary": {"covered_lines": 5, "num_statements": 5, "percent_covered": 100.0, "percent_covered_display": "100", "missing_lines": 0, "excluded_lines": 0, "percent_statements_covered": 100.0, "percent_statements_covered_display": "100"}, "missing_lines": [], "excluded_lines": [], "functions": {"": {"executed_lines": [3, 4, 7, 9, 13], "summary": {"covered_lines": 5, "num_statements": 5, "percent_covered": 100.0, "percent_covered_display": "100", "missing_lines": 0, "excluded_lines": 0, "percent_statements_covered": 100.0, "percent_statements_covered_display": "100"}, "missing_lines": [], "excluded_lines": [], "start_line": 1}}, "classes": {"Migration": {"executed_lines": [], "summary": {"covered_lines": 0, "num_statements": 0, "percent_covered": 100.0, "percent_covered_display": "100", "missing_lines": 0, "excluded_lines": 0, "percent_statements_covered": 100.0, "percent_statements_covered_display": "100"}, "missing_lines": [], "excluded_lines": [], "start_line": 7}, "": {"executed_lines": [3, 4, 7, 9, 13], "summary": {"covered_lines": 5, "num_statements": 5, "percent_covered": 100.0, "percent_covered_display": "100", "missing_lines": 0, "excluded_lines": 0, "percent_statements_covered": 100.0, "percent_statements_covered_display": "100"}, "missing_lines": [], "excluded_lines": [], "start_line": 1}}}, "accounts\\migrations\\0003_delete_rolepermissionoverride.py": {"executed_lines": [3, 6, 8, 12], "summary": {"covered_lines": 4, "num_statements": 4, "percent_covered": 100.0, "percent_covered_display": "100", "missing_lines": 0, "excluded_lines": 0, "percent_statements_covered": 100.0, "percent_statements_covered_display": "100"}, "missing_lines": [], "excluded_lines": [], "functions": {"": {"executed_lines": [3, 6, 8, 12], "summary": {"covered_lines": 4, "num_statements": 4, "percent_covered": 100.0, "percent_covered_display": "100", "missing_lines": 0, "excluded_lines": 0, "percent_statements_covered": 100.0, "percent_statements_covered_display": "100"}, "missing_lines": [], "excluded_lines": [], "start_line": 1}}, "classes": {"Migration": {"executed_lines": [], "summary": {"covered_lines": 0, "num_statements": 0, "percent_covered": 100.0, "percent_covered_display": "100", "missing_lines": 0, "excluded_lines": 0, "percent_statements_covered": 100.0, "percent_statements_covered_display": "100"}, "missing_lines": [], "excluded_lines": [], "start_line": 6}, "": {"executed_lines": [3, 6, 8, 12], "summary": {"covered_lines": 4, "num_statements": 4, "percent_covered": 100.0, "percent_covered_display": "100", "missing_lines": 0, "excluded_lines": 0, "percent_statements_covered": 100.0, "percent_statements_covered_display": "100"}, "missing_lines": [], "excluded_lines": [], "start_line": 1}}}, "accounts\\migrations\\0004_applicationsettings.py": {"executed_lines": [1, 2, 3, 6, 8, 13], "summary": {"covered_lines": 6, "num_statements": 6, "percent_covered": 100.0, "percent_covered_display": "100", "missing_lines": 0, "excluded_lines": 0, "percent_statements_covered": 100.0, "percent_statements_covered_display": "100"}, "missing_lines": [], "excluded_lines": [], "functions": {"": {"executed_lines": [1, 2, 3, 6, 8, 13], "summary": {"covered_lines": 6, "num_statements": 6, "percent_covered": 100.0, "percent_covered_display": "100", "missing_lines": 0, "excluded_lines": 0, "percent_statements_covered": 100.0, "percent_statements_covered_display": "100"}, "missing_lines": [], "excluded_lines": [], "start_line": 1}}, "classes": {"Migration": {"executed_lines": [], "summary": {"covered_lines": 0, "num_statements": 0, "percent_covered": 100.0, "percent_covered_display": "100", "missing_lines": 0, "excluded_lines": 0, "percent_statements_covered": 100.0, "percent_statements_covered_display": "100"}, "missing_lines": [], "excluded_lines": [], "start_line": 6}, "": {"executed_lines": [1, 2, 3, 6, 8, 13], "summary": {"covered_lines": 6, "num_statements": 6, "percent_covered": 100.0, "percent_covered_display": "100", "missing_lines": 0, "excluded_lines": 0, "percent_statements_covered": 100.0, "percent_statements_covered_display": "100"}, "missing_lines": [], "excluded_lines": [], "start_line": 1}}}, "accounts\\migrations\\0005_seed_settings_permissions.py": {"executed_lines": [1, 4, 5, 6, 10, 16, 21, 23, 27], "summary": {"covered_lines": 9, "num_statements": 11, "percent_covered": 81.81818181818181, "percent_covered_display": "82", "missing_lines": 2, "excluded_lines": 0, "percent_statements_covered": 81.81818181818181, "percent_statements_covered_display": "82"}, "missing_lines": [17, 18], "excluded_lines": [], "functions": {"seed_settings_permissions": {"executed_lines": [5, 6, 10], "summary": {"covered_lines": 3, "num_statements": 3, "percent_covered": 100.0, "percent_covered_display": "100", "missing_lines": 0, "excluded_lines": 0, "percent_statements_covered": 100.0, "percent_statements_covered_display": "100"}, "missing_lines": [], "excluded_lines": [], "start_line": 4}, "unseed_settings_permissions": {"executed_lines": [], "summary": {"covered_lines": 0, "num_statements": 2, "percent_covered": 0.0, "percent_covered_display": "0", "missing_lines": 2, "excluded_lines": 0, "percent_statements_covered": 0.0, "percent_statements_covered_display": "0"}, "missing_lines": [17, 18], "excluded_lines": [], "start_line": 16}, "": {"executed_lines": [1, 4, 16, 21, 23, 27], "summary": {"covered_lines": 6, "num_statements": 6, "percent_covered": 100.0, "percent_covered_display": "100", "missing_lines": 0, "excluded_lines": 0, "percent_statements_covered": 100.0, "percent_statements_covered_display": "100"}, "missing_lines": [], "excluded_lines": [], "start_line": 1}}, "classes": {"Migration": {"executed_lines": [], "summary": {"covered_lines": 0, "num_statements": 0, "percent_covered": 100.0, "percent_covered_display": "100", "missing_lines": 0, "excluded_lines": 0, "percent_statements_covered": 100.0, "percent_statements_covered_display": "100"}, "missing_lines": [], "excluded_lines": [], "start_line": 21}, "": {"executed_lines": [1, 4, 5, 6, 10, 16, 21, 23, 27], "summary": {"covered_lines": 9, "num_statements": 11, "percent_covered": 81.81818181818181, "percent_covered_display": "82", "missing_lines": 2, "excluded_lines": 0, "percent_statements_covered": 81.81818181818181, "percent_statements_covered_display": "82"}, "missing_lines": [17, 18], "excluded_lines": [], "start_line": 1}}}, "accounts\\migrations\\0006_customrole_dynamic_roles.py": {"executed_lines": [1, 4, 11, 12, 13, 14, 20, 25, 27, 31], "summary": {"covered_lines": 10, "num_statements": 12, "percent_covered": 83.33333333333333, "percent_covered_display": "83", "missing_lines": 2, "excluded_lines": 0, "percent_statements_covered": 83.33333333333333, "percent_statements_covered_display": "83"}, "missing_lines": [21, 22], "excluded_lines": [], "functions": {"seed_system_roles": {"executed_lines": [12, 13, 14], "summary": {"covered_lines": 3, "num_statements": 3, "percent_covered": 100.0, "percent_covered_display": "100", "missing_lines": 0, "excluded_lines": 0, "percent_statements_covered": 100.0, "percent_statements_covered_display": "100"}, "missing_lines": [], "excluded_lines": [], "start_line": 11}, "unseed_system_roles": {"executed_lines": [], "summary": {"covered_lines": 0, "num_statements": 2, "percent_covered": 0.0, "percent_covered_display": "0", "missing_lines": 2, "excluded_lines": 0, "percent_statements_covered": 0.0, "percent_statements_covered_display": "0"}, "missing_lines": [21, 22], "excluded_lines": [], "start_line": 20}, "": {"executed_lines": [1, 4, 11, 20, 25, 27, 31], "summary": {"covered_lines": 7, "num_statements": 7, "percent_covered": 100.0, "percent_covered_display": "100", "missing_lines": 0, "excluded_lines": 0, "percent_statements_covered": 100.0, "percent_statements_covered_display": "100"}, "missing_lines": [], "excluded_lines": [], "start_line": 1}}, "classes": {"Migration": {"executed_lines": [], "summary": {"covered_lines": 0, "num_statements": 0, "percent_covered": 100.0, "percent_covered_display": "100", "missing_lines": 0, "excluded_lines": 0, "percent_statements_covered": 100.0, "percent_statements_covered_display": "100"}, "missing_lines": [], "excluded_lines": [], "start_line": 25}, "": {"executed_lines": [1, 4, 11, 12, 13, 14, 20, 25, 27, 31], "summary": {"covered_lines": 10, "num_statements": 12, "percent_covered": 83.33333333333333, "percent_covered_display": "83", "missing_lines": 2, "excluded_lines": 0, "percent_statements_covered": 83.33333333333333, "percent_statements_covered_display": "83"}, "missing_lines": [21, 22], "excluded_lines": [], "start_line": 1}}}, "accounts\\migrations\\0007_seed_expense_approval_permission.py": {"executed_lines": [1, 4, 5, 6, 8, 16, 17, 20, 25, 27, 31], "summary": {"covered_lines": 11, "num_statements": 13, "percent_covered": 84.61538461538461, "percent_covered_display": "85", "missing_lines": 2, "excluded_lines": 0, "percent_statements_covered": 84.61538461538461, "percent_statements_covered_display": "85"}, "missing_lines": [21, 22], "excluded_lines": [], "functions": {"seed_expense_approval_permission": {"executed_lines": [5, 6, 8, 16, 17], "summary": {"covered_lines": 5, "num_statements": 5, "percent_covered": 100.0, "percent_covered_display": "100", "missing_lines": 0, "excluded_lines": 0, "percent_statements_covered": 100.0, "percent_statements_covered_display": "100"}, "missing_lines": [], "excluded_lines": [], "start_line": 4}, "unseed_expense_approval_permission": {"executed_lines": [], "summary": {"covered_lines": 0, "num_statements": 2, "percent_covered": 0.0, "percent_covered_display": "0", "missing_lines": 2, "excluded_lines": 0, "percent_statements_covered": 0.0, "percent_statements_covered_display": "0"}, "missing_lines": [21, 22], "excluded_lines": [], "start_line": 20}, "": {"executed_lines": [1, 4, 20, 25, 27, 31], "summary": {"covered_lines": 6, "num_statements": 6, "percent_covered": 100.0, "percent_covered_display": "100", "missing_lines": 0, "excluded_lines": 0, "percent_statements_covered": 100.0, "percent_statements_covered_display": "100"}, "missing_lines": [], "excluded_lines": [], "start_line": 1}}, "classes": {"Migration": {"executed_lines": [], "summary": {"covered_lines": 0, "num_statements": 0, "percent_covered": 100.0, "percent_covered_display": "100", "missing_lines": 0, "excluded_lines": 0, "percent_statements_covered": 100.0, "percent_statements_covered_display": "100"}, "missing_lines": [], "excluded_lines": [], "start_line": 25}, "": {"executed_lines": [1, 4, 5, 6, 8, 16, 17, 20, 25, 27, 31], "summary": {"covered_lines": 11, "num_statements": 13, "percent_covered": 84.61538461538461, "percent_covered_display": "85", "missing_lines": 2, "excluded_lines": 0, "percent_statements_covered": 84.61538461538461, "percent_statements_covered_display": "85"}, "missing_lines": [21, 22], "excluded_lines": [], "start_line": 1}}}, "accounts\\migrations\\__init__.py": {"executed_lines": [], "summary": {"covered_lines": 0, "num_statements": 0, "percent_covered": 100.0, "percent_covered_display": "100", "missing_lines": 0, "excluded_lines": 0, "percent_statements_covered": 100.0, "percent_statements_covered_display": "100"}, "missing_lines": [], "excluded_lines": [], "functions": {"": {"executed_lines": [], "summary": {"covered_lines": 0, "num_statements": 0, "percent_covered": 100.0, "percent_covered_display": "100", "missing_lines": 0, "excluded_lines": 0, "percent_statements_covered": 100.0, "percent_statements_covered_display": "100"}, "missing_lines": [], "excluded_lines": [], "start_line": 1}}, "classes": {"": {"executed_lines": [], "summary": {"covered_lines": 0, "num_statements": 0, "percent_covered": 100.0, "percent_covered_display": "100", "missing_lines": 0, "excluded_lines": 0, "percent_statements_covered": 100.0, "percent_statements_covered_display": "100"}, "missing_lines": [], "excluded_lines": [], "start_line": 1}}}, "accounts\\models.py": {"executed_lines": [1, 2, 3, 5, 8, 9, 10, 11, 12, 13, 14, 16, 17, 18, 19, 21, 25, 26, 27, 29, 31, 32, 34, 35, 40, 45, 46, 47, 48, 53, 58, 59, 61, 62, 63, 65, 66, 72, 73, 78, 83, 88, 90, 91, 92, 93, 94, 96, 100, 101, 106, 111, 118, 120, 121, 122, 123, 124, 126, 127, 130, 131, 132, 133, 141, 142, 143, 145, 146, 147, 148, 150, 151, 152, 154, 156, 157, 159], "summary": {"covered_lines": 78, "num_statements": 80, "percent_covered": 97.5, "percent_covered_display": "98", "missing_lines": 2, "excluded_lines": 0, "percent_statements_covered": 97.5, "percent_statements_covered_display": "98"}, "missing_lines": [22, 97], "excluded_lines": [], "functions": {"CustomRole.__str__": {"executed_lines": [], "summary": {"covered_lines": 0, "num_statements": 1, "percent_covered": 0.0, "percent_covered_display": "0", "missing_lines": 1, "excluded_lines": 0, "percent_statements_covered": 0.0, "percent_statements_covered_display": "0"}, "missing_lines": [22], "excluded_lines": [], "start_line": 21}, "Permission.__str__": {"executed_lines": [32], "summary": {"covered_lines": 1, "num_statements": 1, "percent_covered": 100.0, "percent_covered_display": "100", "missing_lines": 0, "excluded_lines": 0, "percent_statements_covered": 100.0, "percent_statements_covered_display": "100"}, "missing_lines": [], "excluded_lines": [], "start_line": 31}, "UserProfile.__str__": {"executed_lines": [66], "summary": {"covered_lines": 1, "num_statements": 1, "percent_covered": 100.0, "percent_covered_display": "100", "missing_lines": 0, "excluded_lines": 0, "percent_statements_covered": 100.0, "percent_statements_covered_display": "100"}, "missing_lines": [], "excluded_lines": [], "start_line": 65}, "UserPermissionOverride.__str__": {"executed_lines": [], "summary": {"covered_lines": 0, "num_statements": 1, "percent_covered": 0.0, "percent_covered_display": "0", "missing_lines": 1, "excluded_lines": 0, "percent_statements_covered": 0.0, "percent_statements_covered_display": "0"}, "missing_lines": [97], "excluded_lines": [], "start_line": 9
[...]
vered": 83.33333333333333, "percent_covered_display": "83", "missing_lines": 1, "excluded_lines": 0, "percent_statements_covered": 83.33333333333333, "percent_statements_covered_display": "83"}, "missing_lines": [84], "excluded_lines": [], "start_line": 78}, "SubcontractorViewSet.perform_destroy": {"executed_lines": [91], "summary": {"covered_lines": 1, "num_statements": 1, "percent_covered": 100.0, "percent_covered_display": "100", "missing_lines": 0, "excluded_lines": 0, "percent_statements_covered": 100.0, "percent_statements_covered_display": "100"}, "missing_lines": [], "excluded_lines": [], "start_line": 89}, "SubcontractorViewSet.contracts": {"executed_lines": [], "summary": {"covered_lines": 0, "num_statements": 8, "percent_covered": 0.0, "percent_covered_display": "0", "missing_lines": 8, "excluded_lines": 0, "percent_statements_covered": 0.0, "percent_statements_covered_display": "0"}, "missing_lines": [98, 99, 103, 104, 105, 106, 108, 109], "excluded_lines": [], "start_line": 96}, "SubcontractorViewSet.financial_summary": {"executed_lines": [113, 114, 116], "summary": {"covered_lines": 3, "num_statements": 3, "percent_covered": 100.0, "percent_covered_display": "100", "missing_lines": 0, "excluded_lines": 0, "percent_statements_covered": 100.0, "percent_statements_covered_display": "100"}, "missing_lines": [], "excluded_lines": [], "start_line": 112}, "ContractViewSet.get_serializer_class": {"executed_lines": [147, 149, 150], "summary": {"covered_lines": 3, "num_statements": 5, "percent_covered": 60.0, "percent_covered_display": "60", "missing_lines": 2, "excluded_lines": 0, "percent_statements_covered": 60.0, "percent_statements_covered_display": "60"}, "missing_lines": [148, 151], "excluded_lines": [], "start_line": 146}, "ContractViewSet.get_queryset": {"executed_lines": [154, 155, 157, 164, 165], "summary": {"covered_lines": 5, "num_statements": 7, "percent_covered": 71.42857142857143, "percent_covered_display": "71", "missing_lines": 2, "excluded_lines": 0, "percent_statements_covered": 71.42857142857143, "percent_statements_covered_display": "71"}, "missing_lines": [156, 158], "excluded_lines": [], "start_line": 153}, "ContractViewSet.financial_summary": {"executed_lines": [171, 172, 173, 174], "summary": {"covered_lines": 4, "num_statements": 4, "percent_covered": 100.0, "percent_covered_display": "100", "missing_lines": 0, "excluded_lines": 0, "percent_statements_covered": 100.0, "percent_statements_covered_display": "100"}, "missing_lines": [], "excluded_lines": [], "start_line": 170}, "ContractViewSet.payments": {"executed_lines": [178, 180, 189, 190, 192, 193, 203, 204], "summary": {"covered_lines": 8, "num_statements": 16, "percent_covered": 50.0, "percent_covered_display": "50", "missing_lines": 8, "excluded_lines": 0, "percent_statements_covered": 50.0, "percent_statements_covered_display": "50"}, "missing_lines": [181, 182, 183, 184, 185, 186, 197, 198], "excluded_lines": [], "start_line": 177}, "ContractViewSet.variations": {"executed_lines": [208, 210, 219, 220, 221, 224, 225], "summary": {"covered_lines": 7, "num_statements": 13, "percent_covered": 53.84615384615385, "percent_covered_display": "54", "missing_lines": 6, "excluded_lines": 0, "percent_statements_covered": 53.84615384615385, "percent_statements_covered_display": "54"}, "missing_lines": [211, 212, 213, 214, 215, 216], "excluded_lines": [], "start_line": 207}, "ContractViewSet.documents": {"executed_lines": [232, 234, 243, 244, 245, 248, 249], "summary": {"covered_lines": 7, "num_statements": 13, "percent_covered": 53.84615384615385, "percent_covered_display": "54", "missing_lines": 6, "excluded_lines": 0, "percent_statements_covered": 53.84615384615385, "percent_statements_covered_display": "54"}, "missing_lines": [235, 236, 237, 238, 239, 240], "excluded_lines": [], "start_line": 231}, "ContractDocumentViewSet.get_serializer_class": {"executed_lines": [], "summary": {"covered_lines": 0, "num_statements": 3, "percent_covered": 0.0, "percent_covered_display": "0", "missing_lines": 3, "excluded_lines": 0, "percent_statements_covered": 0.0, "percent_statements_covered_display": "0"}, "missing_lines": [267, 268, 269], "excluded_lines": [], "start_line": 266}, "ContractPaymentViewSet.get_serializer_class": {"executed_lines": [283, 284], "summary": {"covered_lines": 2, "num_statements": 3, "percent_covered": 66.66666666666667, "percent_covered_display": "67", "missing_lines": 1, "excluded_lines": 0, "percent_statements_covered": 66.66666666666667, "percent_statements_covered_display": "67"}, "missing_lines": [285], "excluded_lines": [], "start_line": 282}, "ContractPaymentViewSet.destroy": {"executed_lines": [289], "summary": {"covered_lines": 1, "num_statements": 1, "percent_covered": 100.0, "percent_covered_display": "100", "missing_lines": 0, "excluded_lines": 0, "percent_statements_covered": 100.0, "percent_statements_covered_display": "100"}, "missing_lines": [], "excluded_lines": [], "start_line": 287}, "ContractVariationViewSet.get_serializer_class": {"executed_lines": [], "summary": {"covered_lines": 0, "num_statements": 3, "percent_covered": 0.0, "percent_covered_display": "0", "missing_lines": 3, "excluded_lines": 0, "percent_statements_covered": 0.0, "percent_statements_covered_display": "0"}, "missing_lines": [306, 307, 308], "excluded_lines": [], "start_line": 305}, "ContractVariationViewSet.approve": {"executed_lines": [], "summary": {"covered_lines": 0, "num_statements": 7, "percent_covered": 0.0, "percent_covered_display": "0", "missing_lines": 7, "excluded_lines": 0, "percent_statements_covered": 0.0, "percent_statements_covered_display": "0"}, "missing_lines": [313, 314, 315, 316, 317, 321, 322], "excluded_lines": [], "start_line": 311}, "ContractInvoiceViewSet.get_serializer_class": {"executed_lines": [359, 362], "summary": {"covered_lines": 2, "num_statements": 3, "percent_covered": 66.66666666666667, "percent_covered_display": "67", "missing_lines": 1, "excluded_lines": 0, "percent_statements_covered": 66.66666666666667, "percent_statements_covered_display": "67"}, "missing_lines": [360], "excluded_lines": [], "start_line": 358}, "ContractInvoiceViewSet.get_queryset": {"executed_lines": [365, 367, 369, 370, 374], "summary": {"covered_lines": 5, "num_statements": 5, "percent_covered": 100.0, "percent_covered_display": "100", "missing_lines": 0, "excluded_lines": 0, "percent_statements_covered": 100.0, "percent_statements_covered_display": "100"}, "missing_lines": [], "excluded_lines": [], "start_line": 364}, "ContractInvoiceDocumentViewSet.get_serializer_class": {"executed_lines": [388, 389], "summary": {"covered_lines": 2, "num_statements": 3, "percent_covered": 66.66666666666667, "percent_covered_display": "67", "missing_lines": 1, "excluded_lines": 0, "percent_statements_covered": 66.66666666666667, "percent_statements_covered_display": "67"}, "missing_lines": [391], "excluded_lines": [], "start_line": 387}, "rtl": {"executed_lines": [], "summary": {"covered_lines": 0, "num_statements": 3, "percent_covered": 0.0, "percent_covered_display": "0", "missing_lines": 3, "excluded_lines": 0, "percent_statements_covered": 0.0, "percent_statements_covered_display": "0"}, "missing_lines": [710, 711, 712], "excluded_lines": [], "start_line": 709}, "ContractPDFExportView.get_queryset": {"executed_lines": [], "summary": {"covered_lines": 0, "num_statements": 14, "percent_covered": 0.0, "percent_covered_display": "0", "missing_lines": 14, "excluded_lines": 0, "percent_statements_covered": 0.0, "percent_statements_covered_display": "0"}, "missing_lines": [443, 448, 449, 450, 451, 453, 454, 462, 463, 465, 466, 468, 469, 471], "excluded_lines": [], "start_line": 442}, "ContractPDFExportView.get_currency_symbol": {"executed_lines": [], "summary": {"covered_lines": 0, "num_statements": 1, "percent_covered": 0.0, "percent_covered_display": "0", "missing_lines": 1, "excluded_lines": 0, "percent_statements_covered": 0.0, "percent_statements_covered_display": "0"}, "missing_lines": [474], "excluded_lines": [], "start_line": 473}, "ContractPDFExportView.get": {"executed_lines": [], "summary": {"covered_lines": 0, "num_statements": 47, "percent_covered": 0.0, "percent_covered_display": "0", "missing_lines": 47, "excluded_lines": 0, "percent_statements_covered": 0.0, "percent_statements_covered_display": "0"}, "missing_lines": [482, 483, 485, 494, 496, 503, 511, 513, 518, 519, 525, 530, 531, 532, 533, 535, 536, 538, 539, 546, 547, 557, 569, 579, 580, 585, 598, 603, 605, 606, 608, 609, 610, 612, 614, 615, 616, 618, 634, 636, 637, 639, 655, 661, 671, 673, 674], "excluded_lines": [], "start_line": 480}, "ContractDetailPDFView.get_object": {"executed_lines": [], "summary": {"covered_lines": 0, "num_statements": 1, "percent_covered": 0.0, "percent_covered_display": "0", "missing_lines": 1, "excluded_lines": 0, "percent_statements_covered": 0.0, "percent_statements_covered_display": "0"}, "missing_lines": [718], "excluded_lines": [], "start_line": 717}, "ContractDetailPDFView.get_currency": {"executed_lines": [], "summary": {"covered_lines": 0, "num_statements": 1, "percent_covered": 0.0, "percent_covered_display": "0", "missing_lines": 1, "excluded_lines": 0, "percent_statements_covered": 0.0, "percent_statements_covered_display": "0"}, "missing_lines": [724], "excluded_lines": [], "start_line": 723}, "ContractDetailPDFView.get": {"executed_lines": [], "summary": {"covered_lines": 0, "num_statements": 36, "percent_covered": 0.0, "percent_covered_display": "0", "missing_lines": 36, "excluded_lines": 0, "percent_statements_covered": 0.0, "percent_statements_covered_display": "0"}, "missing_lines": [732, 734, 735, 739, 748, 750, 757, 765, 767, 772, 775, 781, 786, 797, 804, 805, 810, 821, 828, 829, 834, 835, 836, 841, 842, 843, 844, 849, 856, 857, 864, 870, 878, 879, 884, 885], "excluded_lines": [], "start_line": 730}, "": {"executed_lines": [1, 4, 6, 7, 8, 9, 10, 11, 12, 14, 24, 43, 49, 50, 51, 52, 59, 63, 64, 65, 66, 67, 68, 69, 70, 71, 73, 78, 89, 95, 96, 111, 112, 123, 127, 128, 129, 130, 131, 132, 133, 140, 144, 146, 153, 169, 170, 176, 177, 206, 207, 227, 231, 256, 257, 258, 259, 260, 261, 262, 263, 264, 266, 272, 273, 274, 275, 276, 277, 278, 279, 280, 282, 287, 295, 296, 297, 298, 299, 300, 301, 302, 303, 305, 310, 311, 325, 326, 327, 328, 330, 340, 345, 352, 358, 364, 375, 376, 384, 385, 387, 394, 395, 396, 398, 399, 400, 401, 409, 410, 412, 413, 415, 416, 417, 423, 434, 440, 442, 473, 480, 677, 678, 679, 681, 682, 683, 684, 692, 693, 695, 696, 700, 709, 715, 717, 723, 730], "summary": {"covered_lines": 138, "num_statements": 138, "percent_covered": 100.0, "percent_covered_display": "100", "missing_lines": 0, "excluded_lines": 0, "percent_statements_covered": 100.0, "percent_statements_covered_display": "100"}, "missing_lines": [], "excluded_lines": [], "start_line": 1}}, "classes": {"SubcontractorViewSet": {"executed_lines": [74, 75, 76, 79, 80, 82, 83, 87, 91, 113, 114, 116], "summary": {"covered_lines": 12, "num_statements": 21, "percent_covered": 57.142857142857146, "percent_covered_display": "57", "missing_lines": 9, "excluded_lines": 0, "percent_statements_covered": 57.142857142857146, "percent_statements_covered_display": "57"}, "missing_lines": [84, 98, 99, 103, 104, 105, 106, 108, 109], "excluded_lines": [], "start_line": 59}, "ContractViewSet": {"executed_lines": [147, 149, 150, 154, 155, 157, 164, 165, 171, 172, 173, 174, 178, 180, 189, 190, 192, 193, 203, 204, 208, 210, 219, 220, 221, 224, 225, 232, 234, 243, 244, 245, 248, 249], "summary": {"covered_lines": 34, "num_statements": 58, "percent_covered": 58.62068965517241, "percent_covered_display": "59", "missing_lines": 24, "excluded_lines": 0, "percent_statements_covered": 58.62068965517241, "percent_statements_covered_display": "59"}, "missing_lines": [148, 151, 156, 158, 181, 182, 183, 184, 185, 186, 197, 198, 211, 212, 213, 214, 215, 216, 235, 236, 237, 238, 239, 240], "excluded_lines": [], "start_line": 123}, "ContractDocumentViewSet": {"executed_lines": [], "summary": {"covered_lines": 0, "num_statements": 3, "percent_covered": 0.0, "percent_covered_display": "0", "missing_lines": 3, "excluded_lines": 0, "percent_statements_covered": 0.0, "percent_statements_covered_display": "0"}, "missing_lines": [267, 268, 269], "excluded_lines": [], "start_line": 256}, "ContractPaymentViewSet": {"executed_lines": [283, 284, 289], "summary": {"covered_lines": 3, "num_statements": 4, "percent_covered": 75.0, "percent_covered_display": "75", "missing_lines": 1, "excluded_lines": 0, "percent_statements_covered": 75.0, "percent_statements_covered_display": "75"}, "missing_lines": [285], "excluded_lines": [], "start_line": 272}, "ContractVariationViewSet": {"executed_lines": [], "summary": {"covered_lines": 0, "num_statements": 10, "percent_covered": 0.0, "percent_covered_display": "0", "missing_lines": 10, "excluded_lines": 0, "percent_statements_covered": 0.0, "percent_statements_covered_display": "0"}, "missing_lines": [306, 307, 308, 313, 314, 315, 316, 317, 321, 322], "excluded_lines": [], "start_line": 295}, "ContractInvoiceViewSet": {"executed_lines": [359, 362, 365, 367, 369, 370, 374], "summary": {"covered_lines": 7, "num_statements": 8, "percent_covered": 87.5, "percent_covered_display": "88", "missing_lines": 1, "excluded_lines": 0, "percent_statements_covered": 87.5, "percent_statements_covered_display": "88"}, "missing_lines": [360], "excluded_lines": [], "start_line": 325}, "ContractInvoiceDocumentViewSet": {"executed_lines": [388, 389], "summary": {"covered_lines": 2, "num_statements": 3, "percent_covered": 66.66666666666667, "percent_covered_display": "67", "missing_lines": 1, "excluded_lines": 0, "percent_statements_covered": 66.66666666666667, "percent_statements_covered_display": "67"}, "missing_lines": [391], "excluded_lines": [], "start_line": 375}, "ContractPDFExportView": {"executed_lines": [], "summary": {"covered_lines": 0, "num_statements": 62, "percent_covered": 0.0, "percent_covered_display": "0", "missing_lines": 62, "excluded_lines": 0, "percent_statements_covered": 0.0, "percent_statements_covered_display": "0"}, "missing_lines": [443, 448, 449, 450, 451, 453, 454, 462, 463, 465, 466, 468, 469, 471, 474, 482, 483, 485, 494, 496, 503, 511, 513, 518, 519, 525, 530, 531, 532, 533, 535, 536, 538, 539, 546, 547, 557, 569, 579, 580, 585, 598, 603, 605, 606, 608, 609, 610, 612, 614, 615, 616, 618, 634, 636, 637, 639, 655, 661, 671, 673, 674], "excluded_lines": [], "start_line": 440}, "ContractDetailPDFView": {"executed_lines": [], "summary": {"covered_lines": 0, "num_statements": 38, "percent_covered": 0.0, "percent_covered_display": "0", "missing_lines": 38, "excluded_lines": 0, "percent_statements_covered": 0.0, "percent_statements_covered_display": "0"}, "missing_lines": [718, 724, 732, 734, 735, 739, 748, 750, 757, 765, 767, 772, 775, 781, 786, 797, 804, 805, 810, 821, 828, 829, 834, 835, 836, 841, 842, 843, 844, 849, 856, 857, 864, 870, 878, 879, 884, 885], "excluded_lines": [], "start_line": 715}, "": {"executed_lines": [1, 4, 6, 7, 8, 9, 10, 11, 12, 14, 24, 43, 49, 50, 51, 52, 59, 63, 64, 65, 66, 67, 68, 69, 70, 71, 73, 78, 89, 95, 96, 111, 112, 123, 127, 128, 129, 130, 131, 132, 133, 140, 144, 146, 153, 169, 170, 176, 177, 206, 207, 227, 231, 256, 257, 258, 259, 260, 261, 262, 263, 264, 266, 272, 273, 274, 275, 276, 277, 278, 279, 280, 282, 287, 295, 296, 297, 298, 299, 300, 301, 302, 303, 305, 310, 311, 325, 326, 327, 328, 330, 340, 345, 352, 358, 364, 375, 376, 384, 385, 387, 394, 395, 396, 398, 399, 400, 401, 409, 410, 412, 413, 415, 416, 417, 423, 434, 440, 442, 473, 480, 677, 678, 679, 681, 682, 683, 684, 692, 693, 695, 696, 700, 709, 715, 717, 723, 730], "summary": {"covered_lines": 138, "num_statements": 144, "percent_covered": 95.83333333333333, "percent_covered_display": "96", "missing_lines": 6, "excluded_lines": 0, "percent_statements_covered": 95.83333333333333, "percent_statements_covered_display": "96"}, "missing_lines": [435, 436, 437, 710, 711, 712], "excluded_lines": [], "start_line": 1}}}, "test_security.py": {"executed_lines": [1, 2, 4, 7, 8, 9, 10, 12, 13, 14, 25, 26, 27, 29, 30, 32, 34, 36, 37, 39, 41, 42, 43, 45, 46, 47, 49, 59], "summary": {"covered_lines": 28, "num_statements": 28, "percent_covered": 100.0, "percent_covered_display": "100", "missing_lines": 0, "excluded_lines": 0, "percent_statements_covered": 100.0, "percent_statements_covered_display": "100"}, "missing_lines": [], "excluded_lines": [], "functions": {"SecurityRegressionTests.setUp": {"executed_lines": [9, 10], "summary": {"covered_lines": 2, "num_statements": 2, "percent_covered": 100.0, "percent_covered_display": "100", "missing_lines": 0, "excluded_lines": 0, "percent_statements_covered": 100.0, "percent_statements_covered_display": "100"}, "missing_lines": [], "excluded_lines": [], "start_line": 8}, "SecurityRegressionTests.test_xss_payload_is_stored_as_data_not_executed_or_reflected_as_html": {"executed_lines": [13, 14, 25, 26, 27], "summary": {"covered_lines": 5, "num_statements": 5, "percent_covered": 100.0, "percent_covered_display": "100", "missing_lines": 0, "excluded_lines": 0, "percent_statements_covered": 100.0, "percent_statements_covered_display": "100"}, "missing_lines": [], "excluded_lines": [], "start_line": 12}, "SecurityRegressionTests.test_sql_injection_like_search_is_treated_as_plain_text": {"executed_lines": [30, 32, 34], "summary": {"covered_lines": 3, "num_statements": 3, "percent_covered": 100.0, "percent_covered_display": "100", "missing_lines": 0, "excluded_lines": 0, "percent_statements_covered": 100.0, "percent_statements_covered_display": "100"}, "missing_lines": [], "excluded_lines": [], "start_line": 29}, "SecurityRegressionTests.test_sensitive_schema_endpoint_is_public_but_uses_json_openapi_schema": {"executed_lines": [37, 39, 41, 42, 43], "summary": {"covered_lines": 5, "num_statements": 5, "percent_covered": 100.0, "percent_covered_display": "100", "missing_lines": 0, "excluded_lines": 0, "percent_statements_covered": 100.0, "percent_statements_covered_display": "100"}, "missing_lines": [], "excluded_lines": [], "start_line": 36}, "SecurityRegressionTests.test_file_upload_security_blocks_disallowed_extension": {"executed_lines": [46, 47, 49, 59], "summary": {"covered_lines": 4, "num_statements": 4, "percent_covered": 100.0, "percent_covered_display": "100", "missing_lines": 0, "excluded_lines": 0, "percent_statements_covered": 100.0, "percent_statements_covered_display": "100"}, "missing_lines": [], "excluded_lines": [], "start_line": 45}, "": {"executed_lines": [1, 2, 4, 7, 8, 12, 29, 36, 45], "summary": {"covered_lines": 9, "num_statements": 9, "percent_covered": 100.0, "percent_covered_display": "100", "missing_lines": 0, "excluded_lines": 0, "percent_statements_covered": 100.0, "percent_statements_covered_display": "100"}, "missing_lines": [], "excluded_lines": [], "start_line": 1}}, "classes": {"SecurityRegressionTests": {"executed_lines": [9, 10, 13, 14, 25, 26, 27, 30, 32, 34, 37, 39, 41, 42, 43, 46, 47, 49, 59], "summary": {"covered_lines": 19, "num_statements": 19, "percent_covered": 100.0, "percent_covered_display": "100", "missing_lines": 0, "excluded_lines": 0, "percent_statements_covered": 100.0, "percent_statements_covered_display": "100"}, "missing_lines": [], "excluded_lines": [], "start_line": 7}, "": {"executed_lines": [1, 2, 4, 7, 8, 12, 29, 36, 45], "summary": {"covered_lines": 9, "num_statements": 9, "percent_covered": 100.0, "percent_covered_display": "100", "missing_lines": 0, "excluded_lines": 0, "percent_statements_covered": 100.0, "percent_statements_covered_display": "100"}, "missing_lines": [], "excluded_lines": [], "start_line": 1}}}}, "totals": {"covered_lines": 5933, "num_statements": 7114, "percent_covered": 83.39893168400337, "percent_covered_display": "83", "missing_lines": 1181, "excluded_lines": 0, "percent_statements_covered": 83.39893168400337, "percent_statements_covered_display": "83"}}